ERROR - 2024-11-24 15:02:53 --> Error connecting to the database: mysqli_sql_exception: No connection could be made because the target machine actively refused it in C:\Users\Admin\Desktop\Medical Office\project\system\Database\MySQLi\Connection.php:186
Stack trace:
#0 C:\Users\Admin\Desktop\Medical Office\project\system\Database\MySQLi\Connection.php(186): mysqli->real_connect('localhost', 'root', Object(SensitiveParameterValue), 'cabinet', 3306, '', 0)
#1 C:\Users\Admin\Desktop\Medical Office\project\system\Database\BaseConnection.php(421): CodeIgniter\Database\MySQLi\Connection->connect(false)
#2 C:\Users\Admin\Desktop\Medical Office\project\system\Database\BaseConnection.php(616): CodeIgniter\Database\BaseConnection->initialize()
#3 C:\Users\Admin\Desktop\Medical Office\project\system\Database\BaseConnection.php(1485): CodeIgniter\Database\BaseConnection->query('SHOW TABLES FRO...')
#4 C:\Users\Admin\Desktop\Medical Office\project\system\Database\BaseConnection.php(1505): CodeIgniter\Database\BaseConnection->listTables()
#5 C:\Users\Admin\Desktop\Medical Office\project\system\Database\MigrationRunner.php(759): CodeIgniter\Database\BaseConnection->tableExists('migrations')
#6 C:\Users\Admin\Desktop\Medical Office\project\system\Database\MigrationRunner.php(232): CodeIgniter\Database\MigrationRunner->ensureTable()
#7 C:\Users\Admin\Desktop\Medical Office\project\system\Commands\Database\MigrateRollback.php(101): CodeIgniter\Database\MigrationRunner->regress(0)
#8 C:\Users\Admin\Desktop\Medical Office\project\system\CLI\Commands.php(70): CodeIgniter\Commands\Database\MigrateRollback->run(Array)
#9 C:\Users\Admin\Desktop\Medical Office\project\system\CLI\BaseCommand.php(119): CodeIgniter\CLI\Commands->run('migrate:rollbac...', Array)
#10 C:\Users\Admin\Desktop\Medical Office\project\system\Commands\Database\MigrateRefresh.php(86): CodeIgniter\CLI\BaseCommand->call('migrate:rollbac...', Array)
#11 C:\Users\Admin\Desktop\Medical Office\project\system\CLI\Commands.php(70): CodeIgniter\Commands\Database\MigrateRefresh->run(Array)
#12 C:\Users\Admin\Desktop\Medical Office\project\system\CLI\Console.php(48): CodeIgniter\CLI\Commands->run('migrate:refresh', Array)
#13 C:\Users\Admin\Desktop\Medical Office\project\system\Boot.php(351): CodeIgniter\CLI\Console->run()
#14 C:\Users\Admin\Desktop\Medical Office\project\system\Boot.php(104): CodeIgniter\Boot::runCommand(Object(CodeIgniter\CLI\Console))
#15 C:\Users\Admin\Desktop\Medical Office\project\spark(84): CodeIgniter\Boot::bootSpark(Object(Config\Paths))
#16 {main}

Next CodeIgniter\Database\Exceptions\DatabaseException: No connection could be made because the target machine actively refused it in C:\Users\Admin\Desktop\Medical Office\project\system\Database\MySQLi\Connection.php:231
Stack trace:
#0 C:\Users\Admin\Desktop\Medical Office\project\system\Database\BaseConnection.php(421): CodeIgniter\Database\MySQLi\Connection->connect(false)
#1 C:\Users\Admin\Desktop\Medical Office\project\system\Database\BaseConnection.php(616): CodeIgniter\Database\BaseConnection->initialize()
#2 C:\Users\Admin\Desktop\Medical Office\project\system\Database\BaseConnection.php(1485): CodeIgniter\Database\BaseConnection->query('SHOW TABLES FRO...')
#3 C:\Users\Admin\Desktop\Medical Office\project\system\Database\BaseConnection.php(1505): CodeIgniter\Database\BaseConnection->listTables()
#4 C:\Users\Admin\Desktop\Medical Office\project\system\Database\MigrationRunner.php(759): CodeIgniter\Database\BaseConnection->tableExists('migrations')
#5 C:\Users\Admin\Desktop\Medical Office\project\system\Database\MigrationRunner.php(232): CodeIgniter\Database\MigrationRunner->ensureTable()
#6 C:\Users\Admin\Desktop\Medical Office\project\system\Commands\Database\MigrateRollback.php(101): CodeIgniter\Database\MigrationRunner->regress(0)
#7 C:\Users\Admin\Desktop\Medical Office\project\system\CLI\Commands.php(70): CodeIgniter\Commands\Database\MigrateRollback->run(Array)
#8 C:\Users\Admin\Desktop\Medical Office\project\system\CLI\BaseCommand.php(119): CodeIgniter\CLI\Commands->run('migrate:rollbac...', Array)
#9 C:\Users\Admin\Desktop\Medical Office\project\system\Commands\Database\MigrateRefresh.php(86): CodeIgniter\CLI\BaseCommand->call('migrate:rollbac...', Array)
#10 C:\Users\Admin\Desktop\Medical Office\project\system\CLI\Commands.php(70): CodeIgniter\Commands\Database\MigrateRefresh->run(Array)
#11 C:\Users\Admin\Desktop\Medical Office\project\system\CLI\Console.php(48): CodeIgniter\CLI\Commands->run('migrate:refresh', Array)
#12 C:\Users\Admin\Desktop\Medical Office\project\system\Boot.php(351): CodeIgniter\CLI\Console->run()
#13 C:\Users\Admin\Desktop\Medical Office\project\system\Boot.php(104): CodeIgniter\Boot::runCommand(Object(CodeIgniter\CLI\Console))
#14 C:\Users\Admin\Desktop\Medical Office\project\spark(84): CodeIgniter\Boot::bootSpark(Object(Config\Paths))
#15 {main}
ERROR - 2024-11-24 15:02:57 --> Error connecting to the database: mysqli_sql_exception: No connection could be made because the target machine actively refused it in C:\Users\Admin\Desktop\Medical Office\project\system\Database\MySQLi\Connection.php:186
Stack trace:
#0 C:\Users\Admin\Desktop\Medical Office\project\system\Database\MySQLi\Connection.php(186): mysqli->real_connect('localhost', 'root', Object(SensitiveParameterValue), 'cabinet', 3306, '', 0)
#1 C:\Users\Admin\Desktop\Medical Office\project\system\Database\BaseConnection.php(421): CodeIgniter\Database\MySQLi\Connection->connect(false)
#2 C:\Users\Admin\Desktop\Medical Office\project\system\Database\BaseConnection.php(616): CodeIgniter\Database\BaseConnection->initialize()
#3 C:\Users\Admin\Desktop\Medical Office\project\system\Database\BaseConnection.php(1485): CodeIgniter\Database\BaseConnection->query('SHOW TABLES FRO...')
#4 C:\Users\Admin\Desktop\Medical Office\project\system\Database\BaseConnection.php(1505): CodeIgniter\Database\BaseConnection->listTables()
#5 C:\Users\Admin\Desktop\Medical Office\project\system\Database\MigrationRunner.php(759): CodeIgniter\Database\BaseConnection->tableExists('migrations')
#6 C:\Users\Admin\Desktop\Medical Office\project\system\Database\MigrationRunner.php(163): CodeIgniter\Database\MigrationRunner->ensureTable()
#7 C:\Users\Admin\Desktop\Medical Office\project\system\Commands\Database\Migrate.php(85): CodeIgniter\Database\MigrationRunner->latest(NULL)
#8 C:\Users\Admin\Desktop\Medical Office\project\system\CLI\Commands.php(70): CodeIgniter\Commands\Database\Migrate->run(Array)
#9 C:\Users\Admin\Desktop\Medical Office\project\system\CLI\BaseCommand.php(119): CodeIgniter\CLI\Commands->run('migrate', Array)
#10 C:\Users\Admin\Desktop\Medical Office\project\system\Commands\Database\MigrateRefresh.php(87): CodeIgniter\CLI\BaseCommand->call('migrate', Array)
#11 C:\Users\Admin\Desktop\Medical Office\project\system\CLI\Commands.php(70): CodeIgniter\Commands\Database\MigrateRefresh->run(Array)
#12 C:\Users\Admin\Desktop\Medical Office\project\system\CLI\Console.php(48): CodeIgniter\CLI\Commands->run('migrate:refresh', Array)
#13 C:\Users\Admin\Desktop\Medical Office\project\system\Boot.php(351): CodeIgniter\CLI\Console->run()
#14 C:\Users\Admin\Desktop\Medical Office\project\system\Boot.php(104): CodeIgniter\Boot::runCommand(Object(CodeIgniter\CLI\Console))
#15 C:\Users\Admin\Desktop\Medical Office\project\spark(84): CodeIgniter\Boot::bootSpark(Object(Config\Paths))
#16 {main}

Next CodeIgniter\Database\Exceptions\DatabaseException: No connection could be made because the target machine actively refused it in C:\Users\Admin\Desktop\Medical Office\project\system\Database\MySQLi\Connection.php:231
Stack trace:
#0 C:\Users\Admin\Desktop\Medical Office\project\system\Database\BaseConnection.php(421): CodeIgniter\Database\MySQLi\Connection->connect(false)
#1 C:\Users\Admin\Desktop\Medical Office\project\system\Database\BaseConnection.php(616): CodeIgniter\Database\BaseConnection->initialize()
#2 C:\Users\Admin\Desktop\Medical Office\project\system\Database\BaseConnection.php(1485): CodeIgniter\Database\BaseConnection->query('SHOW TABLES FRO...')
#3 C:\Users\Admin\Desktop\Medical Office\project\system\Database\BaseConnection.php(1505): CodeIgniter\Database\BaseConnection->listTables()
#4 C:\Users\Admin\Desktop\Medical Office\project\system\Database\MigrationRunner.php(759): CodeIgniter\Database\BaseConnection->tableExists('migrations')
#5 C:\Users\Admin\Desktop\Medical Office\project\system\Database\MigrationRunner.php(163): CodeIgniter\Database\MigrationRunner->ensureTable()
#6 C:\Users\Admin\Desktop\Medical Office\project\system\Commands\Database\Migrate.php(85): CodeIgniter\Database\MigrationRunner->latest(NULL)
#7 C:\Users\Admin\Desktop\Medical Office\project\system\CLI\Commands.php(70): CodeIgniter\Commands\Database\Migrate->run(Array)
#8 C:\Users\Admin\Desktop\Medical Office\project\system\CLI\BaseCommand.php(119): CodeIgniter\CLI\Commands->run('migrate', Array)
#9 C:\Users\Admin\Desktop\Medical Office\project\system\Commands\Database\MigrateRefresh.php(87): CodeIgniter\CLI\BaseCommand->call('migrate', Array)
#10 C:\Users\Admin\Desktop\Medical Office\project\system\CLI\Commands.php(70): CodeIgniter\Commands\Database\MigrateRefresh->run(Array)
#11 C:\Users\Admin\Desktop\Medical Office\project\system\CLI\Console.php(48): CodeIgniter\CLI\Commands->run('migrate:refresh', Array)
#12 C:\Users\Admin\Desktop\Medical Office\project\system\Boot.php(351): CodeIgniter\CLI\Console->run()
#13 C:\Users\Admin\Desktop\Medical Office\project\system\Boot.php(104): CodeIgniter\Boot::runCommand(Object(CodeIgniter\CLI\Console))
#14 C:\Users\Admin\Desktop\Medical Office\project\spark(84): CodeIgniter\Boot::bootSpark(Object(Config\Paths))
#15 {main}
CRITICAL - 2024-11-24 15:03:57 --> ErrorException: Cannot use empty array elements in arrays
[Method: CLI, Route: migrate:refresh]
in APPPATH\Database\Migrations\2024-11-21-164843_CreateSecretaireTable.php on line 30.
 1 [internal function]: CodeIgniter\Debug\Exceptions->shutdownHandler()
CRITICAL - 2024-11-24 15:04:42 --> ErrorException: Cannot use empty array elements in arrays
[Method: CLI, Route: migrate:refresh]
in APPPATH\Database\Migrations\2024-11-21-164816_CreateMedecinTable.php on line 39.
 1 [internal function]: CodeIgniter\Debug\Exceptions->shutdownHandler()
CRITICAL - 2024-11-24 15:04:54 --> ErrorException: Cannot use empty array elements in arrays
[Method: CLI, Route: migrate:refresh]
in APPPATH\Database\Migrations\2024-11-21-164747_CreatePatientTable.php on line 38.
 1 [internal function]: CodeIgniter\Debug\Exceptions->shutdownHandler()
ERROR - 2024-11-24 15:07:20 --> mysqli_sql_exception: Unknown column 'created_at' in 'field list' in C:\Users\Admin\Desktop\Medical Office\project\system\Database\MySQLi\Connection.php:312
Stack trace:
#0 C:\Users\Admin\Desktop\Medical Office\project\system\Database\MySQLi\Connection.php(312): mysqli->query('INSERT INTO `ad...', 0)
#1 C:\Users\Admin\Desktop\Medical Office\project\system\Database\BaseConnection.php(734): CodeIgniter\Database\MySQLi\Connection->execute('INSERT INTO `ad...')
#2 C:\Users\Admin\Desktop\Medical Office\project\system\Database\BaseConnection.php(648): CodeIgniter\Database\BaseConnection->simpleQuery('INSERT INTO `ad...')
#3 C:\Users\Admin\Desktop\Medical Office\project\system\Database\BaseBuilder.php(2340): CodeIgniter\Database\BaseConnection->query('INSERT INTO `ad...', Array, false)
#4 C:\Users\Admin\Desktop\Medical Office\project\system\Model.php(394): CodeIgniter\Database\BaseBuilder->insert()
#5 C:\Users\Admin\Desktop\Medical Office\project\system\BaseModel.php(840): CodeIgniter\Model->doInsert(Array)
#6 C:\Users\Admin\Desktop\Medical Office\project\system\Model.php(802): CodeIgniter\BaseModel->insert(Array, true)
#7 C:\Users\Admin\Desktop\Medical Office\project\app\Controllers\LoginController.php(29): CodeIgniter\Model->insert(Array)
#8 C:\Users\Admin\Desktop\Medical Office\project\system\CodeIgniter.php(933): App\Controllers\LoginController->create()
#9 C:\Users\Admin\Desktop\Medical Office\project\system\CodeIgniter.php(509): CodeIgniter\CodeIgniter->runController(Object(App\Controllers\LoginController))
#10 C:\Users\Admin\Desktop\Medical Office\project\system\CodeIgniter.php(355): CodeIgniter\CodeIgniter->handleRequest(NULL, Object(Config\Cache), false)
#11 C:\Users\Admin\Desktop\Medical Office\project\system\Boot.php(325): CodeIgniter\CodeIgniter->run()
#12 C:\Users\Admin\Desktop\Medical Office\project\system\Boot.php(67): CodeIgniter\Boot::runCodeIgniter(Object(CodeIgniter\CodeIgniter))
#13 C:\Users\Admin\Desktop\Medical Office\project\public\index.php(56): CodeIgniter\Boot::bootWeb(Object(Config\Paths))
#14 C:\Users\Admin\Desktop\Medical Office\project\system\rewrite.php(44): require_once('C:\\Users\\Admin\\...')
#15 {main}
CRITICAL - 2024-11-24 15:07:20 --> CodeIgniter\Database\Exceptions\DatabaseException: Unknown column 'created_at' in 'field list'
[Method: POST, Route: create-admin]
in SYSTEMPATH\Database\BaseConnection.php on line 688.
 1 SYSTEMPATH\Database\BaseBuilder.php(2340): CodeIgniter\Database\BaseConnection->query('INSERT INTO `administrateur` (`nom`, `prenom`, `email`, `motDePasse`, `created_at`, `updated_at`) VALUES (:nom:, :prenom:, :email:, :motDePasse:, :created_at:, :updated_at:)', [...], false)
 2 SYSTEMPATH\Model.php(394): CodeIgniter\Database\BaseBuilder->insert()
 3 SYSTEMPATH\BaseModel.php(840): CodeIgniter\Model->doInsert([...])
 4 SYSTEMPATH\Model.php(802): CodeIgniter\BaseModel->insert([...], true)
 5 APPPATH\Controllers\LoginController.php(29): CodeIgniter\Model->insert([...])
 6 SYSTEMPATH\CodeIgniter.php(933): App\Controllers\LoginController->create()
 7 SYSTEMPATH\CodeIgniter.php(509): CodeIgniter\CodeIgniter->runController(Object(App\Controllers\LoginController))
 8 SYSTEMPATH\CodeIgniter.php(355): CodeIgniter\CodeIgniter->handleRequest(null, Object(Config\Cache), false)
 9 SYSTEMPATH\Boot.php(325): CodeIgniter\CodeIgniter->run()
10 SYSTEMPATH\Boot.php(67): CodeIgniter\Boot::runCodeIgniter(Object(CodeIgniter\CodeIgniter))
11 FCPATH\index.php(56): CodeIgniter\Boot::bootWeb(Object(Config\Paths))
12 SYSTEMPATH\rewrite.php(44): require_once('C:\\Users\\Admin\\Desktop\\Medical Office\\project\\public\\index.php')
CRITICAL - 2024-11-24 15:07:20 --> [Caused by] CodeIgniter\Database\Exceptions\DatabaseException: Unknown column 'created_at' in 'field list'
in SYSTEMPATH\Database\MySQLi\Connection.php on line 317.
 1 SYSTEMPATH\Database\BaseConnection.php(734): CodeIgniter\Database\MySQLi\Connection->execute('INSERT INTO `administrateur` (`nom`, `prenom`, `email`, `motDePasse`, `created_at`, `updated_at`) VALUES (\'admin\', \'adp\', \'admin.adp@example.com\', \'$2y$10$Pl4T641U/7jcSik/J7omUurUMZo1JoBm0eXjLClAr7LePZCnwpAnO\', \'2024-11-24 15:07:20\', \'2024-11-24 15:07:20\')')
 2 SYSTEMPATH\Database\BaseConnection.php(648): CodeIgniter\Database\BaseConnection->simpleQuery('INSERT INTO `administrateur` (`nom`, `prenom`, `email`, `motDePasse`, `created_at`, `updated_at`) VALUES (\'admin\', \'adp\', \'admin.adp@example.com\', \'$2y$10$Pl4T641U/7jcSik/J7omUurUMZo1JoBm0eXjLClAr7LePZCnwpAnO\', \'2024-11-24 15:07:20\', \'2024-11-24 15:07:20\')')
 3 SYSTEMPATH\Database\BaseBuilder.php(2340): CodeIgniter\Database\BaseConnection->query('INSERT INTO `administrateur` (`nom`, `prenom`, `email`, `motDePasse`, `created_at`, `updated_at`) VALUES (:nom:, :prenom:, :email:, :motDePasse:, :created_at:, :updated_at:)', [...], false)
 4 SYSTEMPATH\Model.php(394): CodeIgniter\Database\BaseBuilder->insert()
 5 SYSTEMPATH\BaseModel.php(840): CodeIgniter\Model->doInsert([...])
 6 SYSTEMPATH\Model.php(802): CodeIgniter\BaseModel->insert([...], true)
 7 APPPATH\Controllers\LoginController.php(29): CodeIgniter\Model->insert([...])
 8 SYSTEMPATH\CodeIgniter.php(933): App\Controllers\LoginController->create()
 9 SYSTEMPATH\CodeIgniter.php(509): CodeIgniter\CodeIgniter->runController(Object(App\Controllers\LoginController))
10 SYSTEMPATH\CodeIgniter.php(355): CodeIgniter\CodeIgniter->handleRequest(null, Object(Config\Cache), false)
11 SYSTEMPATH\Boot.php(325): CodeIgniter\CodeIgniter->run()
12 SYSTEMPATH\Boot.php(67): CodeIgniter\Boot::runCodeIgniter(Object(CodeIgniter\CodeIgniter))
13 FCPATH\index.php(56): CodeIgniter\Boot::bootWeb(Object(Config\Paths))
14 SYSTEMPATH\rewrite.php(44): require_once('C:\\Users\\Admin\\Desktop\\Medical Office\\project\\public\\index.php')
CRITICAL - 2024-11-24 15:07:20 --> [Caused by] mysqli_sql_exception: Unknown column 'created_at' in 'field list'
in SYSTEMPATH\Database\MySQLi\Connection.php on line 312.
 1 SYSTEMPATH\Database\MySQLi\Connection.php(312): mysqli->query('INSERT INTO `administrateur` (`nom`, `prenom`, `email`, `motDePasse`, `created_at`, `updated_at`) VALUES (\'admin\', \'adp\', \'admin.adp@example.com\', \'$2y$10$Pl4T641U/7jcSik/J7omUurUMZo1JoBm0eXjLClAr7LePZCnwpAnO\', \'2024-11-24 15:07:20\', \'2024-11-24 15:07:20\')', 0)
 2 SYSTEMPATH\Database\BaseConnection.php(734): CodeIgniter\Database\MySQLi\Connection->execute('INSERT INTO `administrateur` (`nom`, `prenom`, `email`, `motDePasse`, `created_at`, `updated_at`) VALUES (\'admin\', \'adp\', \'admin.adp@example.com\', \'$2y$10$Pl4T641U/7jcSik/J7omUurUMZo1JoBm0eXjLClAr7LePZCnwpAnO\', \'2024-11-24 15:07:20\', \'2024-11-24 15:07:20\')')
 3 SYSTEMPATH\Database\BaseConnection.php(648): CodeIgniter\Database\BaseConnection->simpleQuery('INSERT INTO `administrateur` (`nom`, `prenom`, `email`, `motDePasse`, `created_at`, `updated_at`) VALUES (\'admin\', \'adp\', \'admin.adp@example.com\', \'$2y$10$Pl4T641U/7jcSik/J7omUurUMZo1JoBm0eXjLClAr7LePZCnwpAnO\', \'2024-11-24 15:07:20\', \'2024-11-24 15:07:20\')')
 4 SYSTEMPATH\Database\BaseBuilder.php(2340): CodeIgniter\Database\BaseConnection->query('INSERT INTO `administrateur` (`nom`, `prenom`, `email`, `motDePasse`, `created_at`, `updated_at`) VALUES (:nom:, :prenom:, :email:, :motDePasse:, :created_at:, :updated_at:)', [...], false)
 5 SYSTEMPATH\Model.php(394): CodeIgniter\Database\BaseBuilder->insert()
 6 SYSTEMPATH\BaseModel.php(840): CodeIgniter\Model->doInsert([...])
 7 SYSTEMPATH\Model.php(802): CodeIgniter\BaseModel->insert([...], true)
 8 APPPATH\Controllers\LoginController.php(29): CodeIgniter\Model->insert([...])
 9 SYSTEMPATH\CodeIgniter.php(933): App\Controllers\LoginController->create()
10 SYSTEMPATH\CodeIgniter.php(509): CodeIgniter\CodeIgniter->runController(Object(App\Controllers\LoginController))
11 SYSTEMPATH\CodeIgniter.php(355): CodeIgniter\CodeIgniter->handleRequest(null, Object(Config\Cache), false)
12 SYSTEMPATH\Boot.php(325): CodeIgniter\CodeIgniter->run()
13 SYSTEMPATH\Boot.php(67): CodeIgniter\Boot::runCodeIgniter(Object(CodeIgniter\CodeIgniter))
14 FCPATH\index.php(56): CodeIgniter\Boot::bootWeb(Object(Config\Paths))
15 SYSTEMPATH\rewrite.php(44): require_once('C:\\Users\\Admin\\Desktop\\Medical Office\\project\\public\\index.php')
CRITICAL - 2024-11-24 20:56:26 --> CodeIgniter\Validation\Exceptions\ValidationException: "email" is not a valid rule.
[Method: POST, Route: send-login-form]
in SYSTEMPATH\Validation\Validation.php on line 348.
 1 SYSTEMPATH\Validation\Validation.php(348): CodeIgniter\Validation\Exceptions\ValidationException::forRuleNotFound('email')
 2 SYSTEMPATH\Validation\Validation.php(204): CodeIgniter\Validation\Validation->processRules('email', 'email', 'oussagou49@gmail.com', [...], [...], 'email')
 3 SYSTEMPATH\Controller.php(137): CodeIgniter\Validation\Validation->run()
 4 APPPATH\Controllers\LoginController.php(21): CodeIgniter\Controller->validate([...])
 5 SYSTEMPATH\CodeIgniter.php(933): App\Controllers\LoginController->connecte()
 6 SYSTEMPATH\CodeIgniter.php(509): CodeIgniter\CodeIgniter->runController(Object(App\Controllers\LoginController))
 7 SYSTEMPATH\CodeIgniter.php(355): CodeIgniter\CodeIgniter->handleRequest(null, Object(Config\Cache), false)
 8 SYSTEMPATH\Boot.php(325): CodeIgniter\CodeIgniter->run()
 9 SYSTEMPATH\Boot.php(67): CodeIgniter\Boot::runCodeIgniter(Object(CodeIgniter\CodeIgniter))
10 FCPATH\index.php(56): CodeIgniter\Boot::bootWeb(Object(Config\Paths))
11 SYSTEMPATH\rewrite.php(44): require_once('C:\\Users\\Admin\\Desktop\\Medical Office\\project\\public\\index.php')
CRITICAL - 2024-11-24 21:07:45 --> ErrorException: Attempt to read property "Hash" on array
[Method: POST, Route: send-login-form]
in APPPATH\Controllers\LoginController.php on line 33.
 1 APPPATH\Controllers\LoginController.php(33): CodeIgniter\Debug\Exceptions->errorHandler(2, 'Attempt to read property "Hash" on array', 'C:\\Users\\Admin\\Desktop\\Medical Office\\project\\app\\Controllers\\LoginController.php', 33)
 2 SYSTEMPATH\CodeIgniter.php(933): App\Controllers\LoginController->connecte()
 3 SYSTEMPATH\CodeIgniter.php(509): CodeIgniter\CodeIgniter->runController(Object(App\Controllers\LoginController))
 4 SYSTEMPATH\CodeIgniter.php(355): CodeIgniter\CodeIgniter->handleRequest(null, Object(Config\Cache), false)
 5 SYSTEMPATH\Boot.php(325): CodeIgniter\CodeIgniter->run()
 6 SYSTEMPATH\Boot.php(67): CodeIgniter\Boot::runCodeIgniter(Object(CodeIgniter\CodeIgniter))
 7 FCPATH\index.php(56): CodeIgniter\Boot::bootWeb(Object(Config\Paths))
 8 SYSTEMPATH\rewrite.php(44): require_once('C:\\Users\\Admin\\Desktop\\Medical Office\\project\\public\\index.php')
CRITICAL - 2024-11-24 21:09:05 --> ErrorException: Attempt to read property "Hash" on array
[Method: POST, Route: send-login-form]
in APPPATH\Controllers\LoginController.php on line 33.
 1 APPPATH\Controllers\LoginController.php(33): CodeIgniter\Debug\Exceptions->errorHandler(2, 'Attempt to read property "Hash" on array', 'C:\\Users\\Admin\\Desktop\\Medical Office\\project\\app\\Controllers\\LoginController.php', 33)
 2 SYSTEMPATH\CodeIgniter.php(933): App\Controllers\LoginController->connecte()
 3 SYSTEMPATH\CodeIgniter.php(509): CodeIgniter\CodeIgniter->runController(Object(App\Controllers\LoginController))
 4 SYSTEMPATH\CodeIgniter.php(355): CodeIgniter\CodeIgniter->handleRequest(null, Object(Config\Cache), false)
 5 SYSTEMPATH\Boot.php(325): CodeIgniter\CodeIgniter->run()
 6 SYSTEMPATH\Boot.php(67): CodeIgniter\Boot::runCodeIgniter(Object(CodeIgniter\CodeIgniter))
 7 FCPATH\index.php(56): CodeIgniter\Boot::bootWeb(Object(Config\Paths))
 8 SYSTEMPATH\rewrite.php(44): require_once('C:\\Users\\Admin\\Desktop\\Medical Office\\project\\public\\index.php')
CRITICAL - 2024-11-24 21:09:43 --> Error: Class "App\Controllers\Hash" not found
[Method: POST, Route: send-login-form]
in APPPATH\Controllers\LoginController.php on line 33.
 1 SYSTEMPATH\CodeIgniter.php(933): App\Controllers\LoginController->connecte()
 2 SYSTEMPATH\CodeIgniter.php(509): CodeIgniter\CodeIgniter->runController(Object(App\Controllers\LoginController))
 3 SYSTEMPATH\CodeIgniter.php(355): CodeIgniter\CodeIgniter->handleRequest(null, Object(Config\Cache), false)
 4 SYSTEMPATH\Boot.php(325): CodeIgniter\CodeIgniter->run()
 5 SYSTEMPATH\Boot.php(67): CodeIgniter\Boot::runCodeIgniter(Object(CodeIgniter\CodeIgniter))
 6 FCPATH\index.php(56): CodeIgniter\Boot::bootWeb(Object(Config\Paths))
 7 SYSTEMPATH\rewrite.php(44): require_once('C:\\Users\\Admin\\Desktop\\Medical Office\\project\\public\\index.php')
CRITICAL - 2024-11-24 21:10:04 --> Error: Class "App\Controllers\Hash" not found
[Method: POST, Route: send-login-form]
in APPPATH\Controllers\LoginController.php on line 33.
 1 SYSTEMPATH\CodeIgniter.php(933): App\Controllers\LoginController->connecte()
 2 SYSTEMPATH\CodeIgniter.php(509): CodeIgniter\CodeIgniter->runController(Object(App\Controllers\LoginController))
 3 SYSTEMPATH\CodeIgniter.php(355): CodeIgniter\CodeIgniter->handleRequest(null, Object(Config\Cache), false)
 4 SYSTEMPATH\Boot.php(325): CodeIgniter\CodeIgniter->run()
 5 SYSTEMPATH\Boot.php(67): CodeIgniter\Boot::runCodeIgniter(Object(CodeIgniter\CodeIgniter))
 6 FCPATH\index.php(56): CodeIgniter\Boot::bootWeb(Object(Config\Paths))
 7 SYSTEMPATH\rewrite.php(44): require_once('C:\\Users\\Admin\\Desktop\\Medical Office\\project\\public\\index.php')
CRITICAL - 2024-11-24 21:15:33 --> ParseError: syntax error, unexpected token "class", expecting "," or ";"
[Method: POST, Route: send-login-form]
in APPPATH\Controllers\LoginController.php on line 7.
 1 SYSTEMPATH\Autoloader\Autoloader.php(296): CodeIgniter\Autoloader\Autoloader->includeFile('C:\\Users\\Admin\\Desktop\\Medical Office\\project\\app\\Controllers\\LoginController.php')
 2 SYSTEMPATH\Autoloader\Autoloader.php(272): CodeIgniter\Autoloader\Autoloader->loadInNamespace('App\\Controllers\\LoginController')
 3 [internal function]: CodeIgniter\Autoloader\Autoloader->loadClass('App\\Controllers\\LoginController')
 4 SYSTEMPATH\CodeIgniter.php(887): class_exists('\\App\\Controllers\\LoginController', true)
 5 SYSTEMPATH\CodeIgniter.php(496): CodeIgniter\CodeIgniter->startController()
 6 SYSTEMPATH\CodeIgniter.php(355): CodeIgniter\CodeIgniter->handleRequest(null, Object(Config\Cache), false)
 7 SYSTEMPATH\Boot.php(325): CodeIgniter\CodeIgniter->run()
 8 SYSTEMPATH\Boot.php(67): CodeIgniter\Boot::runCodeIgniter(Object(CodeIgniter\CodeIgniter))
 9 FCPATH\index.php(56): CodeIgniter\Boot::bootWeb(Object(Config\Paths))
10 SYSTEMPATH\rewrite.php(44): require_once('C:\\Users\\Admin\\Desktop\\Medical Office\\project\\public\\index.php')
CRITICAL - 2024-11-24 21:17:13 --> CodeIgniter\HTTP\Exceptions\HTTPException: The route for "admin-home" cannot be found.
[Method: POST, Route: send-login-form]
in SYSTEMPATH\HTTP\RedirectResponse.php on line 64.
 1 SYSTEMPATH\HTTP\RedirectResponse.php(64): CodeIgniter\HTTP\Exceptions\HTTPException::forInvalidRedirectRoute('admin-home')
 2 APPPATH\Controllers\LoginController.php(33): CodeIgniter\HTTP\RedirectResponse->route(false)
 3 SYSTEMPATH\CodeIgniter.php(933): App\Controllers\LoginController->connecte()
 4 SYSTEMPATH\CodeIgniter.php(509): CodeIgniter\CodeIgniter->runController(Object(App\Controllers\LoginController))
 5 SYSTEMPATH\CodeIgniter.php(355): CodeIgniter\CodeIgniter->handleRequest(null, Object(Config\Cache), false)
 6 SYSTEMPATH\Boot.php(325): CodeIgniter\CodeIgniter->run()
 7 SYSTEMPATH\Boot.php(67): CodeIgniter\Boot::runCodeIgniter(Object(CodeIgniter\CodeIgniter))
 8 FCPATH\index.php(56): CodeIgniter\Boot::bootWeb(Object(Config\Paths))
 9 SYSTEMPATH\rewrite.php(44): require_once('C:\\Users\\Admin\\Desktop\\Medical Office\\project\\public\\index.php')
CRITICAL - 2024-11-24 21:22:21 --> CodeIgniter\View\Exceptions\ViewException: Invalid file: "admin.home"
[Method: GET, Route: admin-home]
in SYSTEMPATH\Exceptions\FrameworkException.php on line 41.
 1 SYSTEMPATH\View\View.php(222): CodeIgniter\Exceptions\FrameworkException::forInvalidFile('admin.home')
 2 SYSTEMPATH\Common.php(1171): CodeIgniter\View\View->render('admin.home', [], true)
 3 APPPATH\Controllers\AdminController.php(11): view('admin.home')
 4 SYSTEMPATH\CodeIgniter.php(933): App\Controllers\AdminController->index()
 5 SYSTEMPATH\CodeIgniter.php(509): CodeIgniter\CodeIgniter->runController(Object(App\Controllers\AdminController))
 6 SYSTEMPATH\CodeIgniter.php(355): CodeIgniter\CodeIgniter->handleRequest(null, Object(Config\Cache), false)
 7 SYSTEMPATH\Boot.php(325): CodeIgniter\CodeIgniter->run()
 8 SYSTEMPATH\Boot.php(67): CodeIgniter\Boot::runCodeIgniter(Object(CodeIgniter\CodeIgniter))
 9 FCPATH\index.php(56): CodeIgniter\Boot::bootWeb(Object(Config\Paths))
10 SYSTEMPATH\rewrite.php(44): require_once('C:\\Users\\Admin\\Desktop\\Medical Office\\project\\public\\index.php')
CRITICAL - 2024-11-24 23:18:13 --> Error: Undefined constant "App\Models\fasle"
[Method: GET, Route: create-patient]
in APPPATH\Controllers\PatientController.php on line 16.
 1 SYSTEMPATH\CodeIgniter.php(933): App\Controllers\PatientController->create()
 2 SYSTEMPATH\CodeIgniter.php(509): CodeIgniter\CodeIgniter->runController(Object(App\Controllers\PatientController))
 3 SYSTEMPATH\CodeIgniter.php(355): CodeIgniter\CodeIgniter->handleRequest(null, Object(Config\Cache), false)
 4 SYSTEMPATH\Boot.php(325): CodeIgniter\CodeIgniter->run()
 5 SYSTEMPATH\Boot.php(67): CodeIgniter\Boot::runCodeIgniter(Object(CodeIgniter\CodeIgniter))
 6 FCPATH\index.php(56): CodeIgniter\Boot::bootWeb(Object(Config\Paths))
 7 SYSTEMPATH\rewrite.php(44): require_once('C:\\Users\\Admin\\Desktop\\Medical Office\\project\\public\\index.php')
CRITICAL - 2024-11-24 23:21:51 --> Error: Undefined constant "App\Models\fasle"
[Method: GET, Route: create-patient]
in APPPATH\Controllers\PatientController.php on line 15.
 1 SYSTEMPATH\CodeIgniter.php(933): App\Controllers\PatientController->create()
 2 SYSTEMPATH\CodeIgniter.php(509): CodeIgniter\CodeIgniter->runController(Object(App\Controllers\PatientController))
 3 SYSTEMPATH\CodeIgniter.php(355): CodeIgniter\CodeIgniter->handleRequest(null, Object(Config\Cache), false)
 4 SYSTEMPATH\Boot.php(325): CodeIgniter\CodeIgniter->run()
 5 SYSTEMPATH\Boot.php(67): CodeIgniter\Boot::runCodeIgniter(Object(CodeIgniter\CodeIgniter))
 6 FCPATH\index.php(56): CodeIgniter\Boot::bootWeb(Object(Config\Paths))
 7 SYSTEMPATH\rewrite.php(44): require_once('C:\\Users\\Admin\\Desktop\\Medical Office\\project\\public\\index.php')
