ERROR - 2024-11-21 17:00:58 --> Error connecting to the database: mysqli_sql_exception: Access denied for user ''@'localhost' (using password: NO) in C:\Users\Admin\Desktop\Medical Office\project\system\Database\MySQLi\Connection.php:186
Stack trace:
#0 C:\Users\Admin\Desktop\Medical Office\project\system\Database\MySQLi\Connection.php(186): mysqli->real_connect('localhost', '', Object(SensitiveParameterValue), 'cabinet', 3306, '', 0)
#1 C:\Users\Admin\Desktop\Medical Office\project\system\Database\BaseConnection.php(421): CodeIgniter\Database\MySQLi\Connection->connect(false)
#2 C:\Users\Admin\Desktop\Medical Office\project\system\Database\BaseConnection.php(616): CodeIgniter\Database\BaseConnection->initialize()
#3 C:\Users\Admin\Desktop\Medical Office\project\system\Database\BaseConnection.php(1485): CodeIgniter\Database\BaseConnection->query('SHOW TABLES FRO...')
#4 C:\Users\Admin\Desktop\Medical Office\project\system\Database\BaseConnection.php(1505): CodeIgniter\Database\BaseConnection->listTables()
#5 C:\Users\Admin\Desktop\Medical Office\project\system\Database\MigrationRunner.php(759): CodeIgniter\Database\BaseConnection->tableExists('migrations')
#6 C:\Users\Admin\Desktop\Medical Office\project\system\Database\MigrationRunner.php(163): CodeIgniter\Database\MigrationRunner->ensureTable()
#7 C:\Users\Admin\Desktop\Medical Office\project\system\Commands\Database\Migrate.php(85): CodeIgniter\Database\MigrationRunner->latest(NULL)
#8 C:\Users\Admin\Desktop\Medical Office\project\system\CLI\Commands.php(70): CodeIgniter\Commands\Database\Migrate->run(Array)
#9 C:\Users\Admin\Desktop\Medical Office\project\system\CLI\Console.php(48): CodeIgniter\CLI\Commands->run('migrate', Array)
#10 C:\Users\Admin\Desktop\Medical Office\project\system\Boot.php(351): CodeIgniter\CLI\Console->run()
#11 C:\Users\Admin\Desktop\Medical Office\project\system\Boot.php(104): CodeIgniter\Boot::runCommand(Object(CodeIgniter\CLI\Console))
#12 C:\Users\Admin\Desktop\Medical Office\project\spark(84): CodeIgniter\Boot::bootSpark(Object(Config\Paths))
#13 {main}

Next CodeIgniter\Database\Exceptions\DatabaseException: Access denied for user ''@'localhost' (using password: NO) in C:\Users\Admin\Desktop\Medical Office\project\system\Database\MySQLi\Connection.php:231
Stack trace:
#0 C:\Users\Admin\Desktop\Medical Office\project\system\Database\BaseConnection.php(421): CodeIgniter\Database\MySQLi\Connection->connect(false)
#1 C:\Users\Admin\Desktop\Medical Office\project\system\Database\BaseConnection.php(616): CodeIgniter\Database\BaseConnection->initialize()
#2 C:\Users\Admin\Desktop\Medical Office\project\system\Database\BaseConnection.php(1485): CodeIgniter\Database\BaseConnection->query('SHOW TABLES FRO...')
#3 C:\Users\Admin\Desktop\Medical Office\project\system\Database\BaseConnection.php(1505): CodeIgniter\Database\BaseConnection->listTables()
#4 C:\Users\Admin\Desktop\Medical Office\project\system\Database\MigrationRunner.php(759): CodeIgniter\Database\BaseConnection->tableExists('migrations')
#5 C:\Users\Admin\Desktop\Medical Office\project\system\Database\MigrationRunner.php(163): CodeIgniter\Database\MigrationRunner->ensureTable()
#6 C:\Users\Admin\Desktop\Medical Office\project\system\Commands\Database\Migrate.php(85): CodeIgniter\Database\MigrationRunner->latest(NULL)
#7 C:\Users\Admin\Desktop\Medical Office\project\system\CLI\Commands.php(70): CodeIgniter\Commands\Database\Migrate->run(Array)
#8 C:\Users\Admin\Desktop\Medical Office\project\system\CLI\Console.php(48): CodeIgniter\CLI\Commands->run('migrate', Array)
#9 C:\Users\Admin\Desktop\Medical Office\project\system\Boot.php(351): CodeIgniter\CLI\Console->run()
#10 C:\Users\Admin\Desktop\Medical Office\project\system\Boot.php(104): CodeIgniter\Boot::runCommand(Object(CodeIgniter\CLI\Console))
#11 C:\Users\Admin\Desktop\Medical Office\project\spark(84): CodeIgniter\Boot::bootSpark(Object(Config\Paths))
#12 {main}
ERROR - 2024-11-21 17:03:10 --> Error connecting to the database: mysqli_sql_exception: Access denied for user ''@'localhost' (using password: NO) in C:\Users\Admin\Desktop\Medical Office\project\system\Database\MySQLi\Connection.php:186
Stack trace:
#0 C:\Users\Admin\Desktop\Medical Office\project\system\Database\MySQLi\Connection.php(186): mysqli->real_connect('localhost', '', Object(SensitiveParameterValue), 'cabinet', 3306, '', 0)
#1 C:\Users\Admin\Desktop\Medical Office\project\system\Database\BaseConnection.php(421): CodeIgniter\Database\MySQLi\Connection->connect(false)
#2 C:\Users\Admin\Desktop\Medical Office\project\system\Database\BaseConnection.php(616): CodeIgniter\Database\BaseConnection->initialize()
#3 C:\Users\Admin\Desktop\Medical Office\project\system\Database\BaseConnection.php(1485): CodeIgniter\Database\BaseConnection->query('SHOW TABLES FRO...')
#4 C:\Users\Admin\Desktop\Medical Office\project\system\Database\BaseConnection.php(1505): CodeIgniter\Database\BaseConnection->listTables()
#5 C:\Users\Admin\Desktop\Medical Office\project\system\Database\MigrationRunner.php(759): CodeIgniter\Database\BaseConnection->tableExists('migrations')
#6 C:\Users\Admin\Desktop\Medical Office\project\system\Database\MigrationRunner.php(163): CodeIgniter\Database\MigrationRunner->ensureTable()
#7 C:\Users\Admin\Desktop\Medical Office\project\system\Commands\Database\Migrate.php(85): CodeIgniter\Database\MigrationRunner->latest(NULL)
#8 C:\Users\Admin\Desktop\Medical Office\project\system\CLI\Commands.php(70): CodeIgniter\Commands\Database\Migrate->run(Array)
#9 C:\Users\Admin\Desktop\Medical Office\project\system\CLI\Console.php(48): CodeIgniter\CLI\Commands->run('migrate', Array)
#10 C:\Users\Admin\Desktop\Medical Office\project\system\Boot.php(351): CodeIgniter\CLI\Console->run()
#11 C:\Users\Admin\Desktop\Medical Office\project\system\Boot.php(104): CodeIgniter\Boot::runCommand(Object(CodeIgniter\CLI\Console))
#12 C:\Users\Admin\Desktop\Medical Office\project\spark(84): CodeIgniter\Boot::bootSpark(Object(Config\Paths))
#13 {main}

Next CodeIgniter\Database\Exceptions\DatabaseException: Access denied for user ''@'localhost' (using password: NO) in C:\Users\Admin\Desktop\Medical Office\project\system\Database\MySQLi\Connection.php:231
Stack trace:
#0 C:\Users\Admin\Desktop\Medical Office\project\system\Database\BaseConnection.php(421): CodeIgniter\Database\MySQLi\Connection->connect(false)
#1 C:\Users\Admin\Desktop\Medical Office\project\system\Database\BaseConnection.php(616): CodeIgniter\Database\BaseConnection->initialize()
#2 C:\Users\Admin\Desktop\Medical Office\project\system\Database\BaseConnection.php(1485): CodeIgniter\Database\BaseConnection->query('SHOW TABLES FRO...')
#3 C:\Users\Admin\Desktop\Medical Office\project\system\Database\BaseConnection.php(1505): CodeIgniter\Database\BaseConnection->listTables()
#4 C:\Users\Admin\Desktop\Medical Office\project\system\Database\MigrationRunner.php(759): CodeIgniter\Database\BaseConnection->tableExists('migrations')
#5 C:\Users\Admin\Desktop\Medical Office\project\system\Database\MigrationRunner.php(163): CodeIgniter\Database\MigrationRunner->ensureTable()
#6 C:\Users\Admin\Desktop\Medical Office\project\system\Commands\Database\Migrate.php(85): CodeIgniter\Database\MigrationRunner->latest(NULL)
#7 C:\Users\Admin\Desktop\Medical Office\project\system\CLI\Commands.php(70): CodeIgniter\Commands\Database\Migrate->run(Array)
#8 C:\Users\Admin\Desktop\Medical Office\project\system\CLI\Console.php(48): CodeIgniter\CLI\Commands->run('migrate', Array)
#9 C:\Users\Admin\Desktop\Medical Office\project\system\Boot.php(351): CodeIgniter\CLI\Console->run()
#10 C:\Users\Admin\Desktop\Medical Office\project\system\Boot.php(104): CodeIgniter\Boot::runCommand(Object(CodeIgniter\CLI\Console))
#11 C:\Users\Admin\Desktop\Medical Office\project\spark(84): CodeIgniter\Boot::bootSpark(Object(Config\Paths))
#12 {main}
ERROR - 2024-11-21 17:04:17 --> Error connecting to the database: ErrorException: mysqli::real_connect(): Error while reading greeting packet. PID=12396 in C:\Users\Admin\Desktop\Medical Office\project\system\Database\MySQLi\Connection.php:186
Stack trace:
#0 [internal function]: CodeIgniter\Debug\Exceptions->errorHandler(2, 'mysqli::real_co...', 'C:\\Users\\Admin\\...', 186)
#1 C:\Users\Admin\Desktop\Medical Office\project\system\Database\MySQLi\Connection.php(186): mysqli->real_connect('localhost', '', Object(SensitiveParameterValue), 'cabinet', 3306, '', 0)
#2 C:\Users\Admin\Desktop\Medical Office\project\system\Database\BaseConnection.php(421): CodeIgniter\Database\MySQLi\Connection->connect(false)
#3 C:\Users\Admin\Desktop\Medical Office\project\system\Database\BaseConnection.php(616): CodeIgniter\Database\BaseConnection->initialize()
#4 C:\Users\Admin\Desktop\Medical Office\project\system\Database\BaseConnection.php(1485): CodeIgniter\Database\BaseConnection->query('SHOW TABLES FRO...')
#5 C:\Users\Admin\Desktop\Medical Office\project\system\Database\BaseConnection.php(1505): CodeIgniter\Database\BaseConnection->listTables()
#6 C:\Users\Admin\Desktop\Medical Office\project\system\Database\MigrationRunner.php(759): CodeIgniter\Database\BaseConnection->tableExists('migrations')
#7 C:\Users\Admin\Desktop\Medical Office\project\system\Database\MigrationRunner.php(163): CodeIgniter\Database\MigrationRunner->ensureTable()
#8 C:\Users\Admin\Desktop\Medical Office\project\system\Commands\Database\Migrate.php(85): CodeIgniter\Database\MigrationRunner->latest(NULL)
#9 C:\Users\Admin\Desktop\Medical Office\project\system\CLI\Commands.php(70): CodeIgniter\Commands\Database\Migrate->run(Array)
#10 C:\Users\Admin\Desktop\Medical Office\project\system\CLI\Console.php(48): CodeIgniter\CLI\Commands->run('migrate', Array)
#11 C:\Users\Admin\Desktop\Medical Office\project\system\Boot.php(351): CodeIgniter\CLI\Console->run()
#12 C:\Users\Admin\Desktop\Medical Office\project\system\Boot.php(104): CodeIgniter\Boot::runCommand(Object(CodeIgniter\CLI\Console))
#13 C:\Users\Admin\Desktop\Medical Office\project\spark(84): CodeIgniter\Boot::bootSpark(Object(Config\Paths))
#14 {main}

Next mysqli_sql_exception: MySQL server has gone away in C:\Users\Admin\Desktop\Medical Office\project\system\Database\MySQLi\Connection.php:186
Stack trace:
#0 C:\Users\Admin\Desktop\Medical Office\project\system\Database\MySQLi\Connection.php(186): mysqli->real_connect('localhost', '', Object(SensitiveParameterValue), 'cabinet', 3306, '', 0)
#1 C:\Users\Admin\Desktop\Medical Office\project\system\Database\BaseConnection.php(421): CodeIgniter\Database\MySQLi\Connection->connect(false)
#2 C:\Users\Admin\Desktop\Medical Office\project\system\Database\BaseConnection.php(616): CodeIgniter\Database\BaseConnection->initialize()
#3 C:\Users\Admin\Desktop\Medical Office\project\system\Database\BaseConnection.php(1485): CodeIgniter\Database\BaseConnection->query('SHOW TABLES FRO...')
#4 C:\Users\Admin\Desktop\Medical Office\project\system\Database\BaseConnection.php(1505): CodeIgniter\Database\BaseConnection->listTables()
#5 C:\Users\Admin\Desktop\Medical Office\project\system\Database\MigrationRunner.php(759): CodeIgniter\Database\BaseConnection->tableExists('migrations')
#6 C:\Users\Admin\Desktop\Medical Office\project\system\Database\MigrationRunner.php(163): CodeIgniter\Database\MigrationRunner->ensureTable()
#7 C:\Users\Admin\Desktop\Medical Office\project\system\Commands\Database\Migrate.php(85): CodeIgniter\Database\MigrationRunner->latest(NULL)
#8 C:\Users\Admin\Desktop\Medical Office\project\system\CLI\Commands.php(70): CodeIgniter\Commands\Database\Migrate->run(Array)
#9 C:\Users\Admin\Desktop\Medical Office\project\system\CLI\Console.php(48): CodeIgniter\CLI\Commands->run('migrate', Array)
#10 C:\Users\Admin\Desktop\Medical Office\project\system\Boot.php(351): CodeIgniter\CLI\Console->run()
#11 C:\Users\Admin\Desktop\Medical Office\project\system\Boot.php(104): CodeIgniter\Boot::runCommand(Object(CodeIgniter\CLI\Console))
#12 C:\Users\Admin\Desktop\Medical Office\project\spark(84): CodeIgniter\Boot::bootSpark(Object(Config\Paths))
#13 {main}

Next CodeIgniter\Database\Exceptions\DatabaseException: MySQL server has gone away in C:\Users\Admin\Desktop\Medical Office\project\system\Database\MySQLi\Connection.php:231
Stack trace:
#0 C:\Users\Admin\Desktop\Medical Office\project\system\Database\BaseConnection.php(421): CodeIgniter\Database\MySQLi\Connection->connect(false)
#1 C:\Users\Admin\Desktop\Medical Office\project\system\Database\BaseConnection.php(616): CodeIgniter\Database\BaseConnection->initialize()
#2 C:\Users\Admin\Desktop\Medical Office\project\system\Database\BaseConnection.php(1485): CodeIgniter\Database\BaseConnection->query('SHOW TABLES FRO...')
#3 C:\Users\Admin\Desktop\Medical Office\project\system\Database\BaseConnection.php(1505): CodeIgniter\Database\BaseConnection->listTables()
#4 C:\Users\Admin\Desktop\Medical Office\project\system\Database\MigrationRunner.php(759): CodeIgniter\Database\BaseConnection->tableExists('migrations')
#5 C:\Users\Admin\Desktop\Medical Office\project\system\Database\MigrationRunner.php(163): CodeIgniter\Database\MigrationRunner->ensureTable()
#6 C:\Users\Admin\Desktop\Medical Office\project\system\Commands\Database\Migrate.php(85): CodeIgniter\Database\MigrationRunner->latest(NULL)
#7 C:\Users\Admin\Desktop\Medical Office\project\system\CLI\Commands.php(70): CodeIgniter\Commands\Database\Migrate->run(Array)
#8 C:\Users\Admin\Desktop\Medical Office\project\system\CLI\Console.php(48): CodeIgniter\CLI\Commands->run('migrate', Array)
#9 C:\Users\Admin\Desktop\Medical Office\project\system\Boot.php(351): CodeIgniter\CLI\Console->run()
#10 C:\Users\Admin\Desktop\Medical Office\project\system\Boot.php(104): CodeIgniter\Boot::runCommand(Object(CodeIgniter\CLI\Console))
#11 C:\Users\Admin\Desktop\Medical Office\project\spark(84): CodeIgniter\Boot::bootSpark(Object(Config\Paths))
#12 {main}
ERROR - 2024-11-21 17:05:07 --> Error connecting to the database: mysqli_sql_exception: Access denied for user ''@'localhost' (using password: NO) in C:\Users\Admin\Desktop\Medical Office\project\system\Database\MySQLi\Connection.php:186
Stack trace:
#0 C:\Users\Admin\Desktop\Medical Office\project\system\Database\MySQLi\Connection.php(186): mysqli->real_connect('localhost', '', Object(SensitiveParameterValue), 'cabinet', 3306, '', 0)
#1 C:\Users\Admin\Desktop\Medical Office\project\system\Database\BaseConnection.php(421): CodeIgniter\Database\MySQLi\Connection->connect(false)
#2 C:\Users\Admin\Desktop\Medical Office\project\system\Database\BaseConnection.php(616): CodeIgniter\Database\BaseConnection->initialize()
#3 C:\Users\Admin\Desktop\Medical Office\project\system\Database\BaseConnection.php(1485): CodeIgniter\Database\BaseConnection->query('SHOW TABLES FRO...')
#4 C:\Users\Admin\Desktop\Medical Office\project\system\Database\BaseConnection.php(1505): CodeIgniter\Database\BaseConnection->listTables()
#5 C:\Users\Admin\Desktop\Medical Office\project\system\Database\MigrationRunner.php(759): CodeIgniter\Database\BaseConnection->tableExists('migrations')
#6 C:\Users\Admin\Desktop\Medical Office\project\system\Database\MigrationRunner.php(163): CodeIgniter\Database\MigrationRunner->ensureTable()
#7 C:\Users\Admin\Desktop\Medical Office\project\system\Commands\Database\Migrate.php(85): CodeIgniter\Database\MigrationRunner->latest(NULL)
#8 C:\Users\Admin\Desktop\Medical Office\project\system\CLI\Commands.php(70): CodeIgniter\Commands\Database\Migrate->run(Array)
#9 C:\Users\Admin\Desktop\Medical Office\project\system\CLI\Console.php(48): CodeIgniter\CLI\Commands->run('migrate', Array)
#10 C:\Users\Admin\Desktop\Medical Office\project\system\Boot.php(351): CodeIgniter\CLI\Console->run()
#11 C:\Users\Admin\Desktop\Medical Office\project\system\Boot.php(104): CodeIgniter\Boot::runCommand(Object(CodeIgniter\CLI\Console))
#12 C:\Users\Admin\Desktop\Medical Office\project\spark(84): CodeIgniter\Boot::bootSpark(Object(Config\Paths))
#13 {main}

Next CodeIgniter\Database\Exceptions\DatabaseException: Access denied for user ''@'localhost' (using password: NO) in C:\Users\Admin\Desktop\Medical Office\project\system\Database\MySQLi\Connection.php:231
Stack trace:
#0 C:\Users\Admin\Desktop\Medical Office\project\system\Database\BaseConnection.php(421): CodeIgniter\Database\MySQLi\Connection->connect(false)
#1 C:\Users\Admin\Desktop\Medical Office\project\system\Database\BaseConnection.php(616): CodeIgniter\Database\BaseConnection->initialize()
#2 C:\Users\Admin\Desktop\Medical Office\project\system\Database\BaseConnection.php(1485): CodeIgniter\Database\BaseConnection->query('SHOW TABLES FRO...')
#3 C:\Users\Admin\Desktop\Medical Office\project\system\Database\BaseConnection.php(1505): CodeIgniter\Database\BaseConnection->listTables()
#4 C:\Users\Admin\Desktop\Medical Office\project\system\Database\MigrationRunner.php(759): CodeIgniter\Database\BaseConnection->tableExists('migrations')
#5 C:\Users\Admin\Desktop\Medical Office\project\system\Database\MigrationRunner.php(163): CodeIgniter\Database\MigrationRunner->ensureTable()
#6 C:\Users\Admin\Desktop\Medical Office\project\system\Commands\Database\Migrate.php(85): CodeIgniter\Database\MigrationRunner->latest(NULL)
#7 C:\Users\Admin\Desktop\Medical Office\project\system\CLI\Commands.php(70): CodeIgniter\Commands\Database\Migrate->run(Array)
#8 C:\Users\Admin\Desktop\Medical Office\project\system\CLI\Console.php(48): CodeIgniter\CLI\Commands->run('migrate', Array)
#9 C:\Users\Admin\Desktop\Medical Office\project\system\Boot.php(351): CodeIgniter\CLI\Console->run()
#10 C:\Users\Admin\Desktop\Medical Office\project\system\Boot.php(104): CodeIgniter\Boot::runCommand(Object(CodeIgniter\CLI\Console))
#11 C:\Users\Admin\Desktop\Medical Office\project\spark(84): CodeIgniter\Boot::bootSpark(Object(Config\Paths))
#12 {main}
ERROR - 2024-11-21 17:06:10 --> Error connecting to the database: mysqli_sql_exception: Access denied for user ''@'localhost' (using password: NO) in C:\Users\Admin\Desktop\Medical Office\project\system\Database\MySQLi\Connection.php:186
Stack trace:
#0 C:\Users\Admin\Desktop\Medical Office\project\system\Database\MySQLi\Connection.php(186): mysqli->real_connect('localhost', '', Object(SensitiveParameterValue), 'cabinet', 3306, '', 0)
#1 C:\Users\Admin\Desktop\Medical Office\project\system\Database\BaseConnection.php(421): CodeIgniter\Database\MySQLi\Connection->connect(false)
#2 C:\Users\Admin\Desktop\Medical Office\project\system\Database\BaseConnection.php(616): CodeIgniter\Database\BaseConnection->initialize()
#3 C:\Users\Admin\Desktop\Medical Office\project\system\Database\BaseConnection.php(1485): CodeIgniter\Database\BaseConnection->query('SHOW TABLES FRO...')
#4 C:\Users\Admin\Desktop\Medical Office\project\system\Database\BaseConnection.php(1505): CodeIgniter\Database\BaseConnection->listTables()
#5 C:\Users\Admin\Desktop\Medical Office\project\system\Database\MigrationRunner.php(759): CodeIgniter\Database\BaseConnection->tableExists('migrations')
#6 C:\Users\Admin\Desktop\Medical Office\project\system\Database\MigrationRunner.php(163): CodeIgniter\Database\MigrationRunner->ensureTable()
#7 C:\Users\Admin\Desktop\Medical Office\project\system\Commands\Database\Migrate.php(85): CodeIgniter\Database\MigrationRunner->latest(NULL)
#8 C:\Users\Admin\Desktop\Medical Office\project\system\CLI\Commands.php(70): CodeIgniter\Commands\Database\Migrate->run(Array)
#9 C:\Users\Admin\Desktop\Medical Office\project\system\CLI\Console.php(48): CodeIgniter\CLI\Commands->run('migrate', Array)
#10 C:\Users\Admin\Desktop\Medical Office\project\system\Boot.php(351): CodeIgniter\CLI\Console->run()
#11 C:\Users\Admin\Desktop\Medical Office\project\system\Boot.php(104): CodeIgniter\Boot::runCommand(Object(CodeIgniter\CLI\Console))
#12 C:\Users\Admin\Desktop\Medical Office\project\spark(84): CodeIgniter\Boot::bootSpark(Object(Config\Paths))
#13 {main}

Next CodeIgniter\Database\Exceptions\DatabaseException: Access denied for user ''@'localhost' (using password: NO) in C:\Users\Admin\Desktop\Medical Office\project\system\Database\MySQLi\Connection.php:231
Stack trace:
#0 C:\Users\Admin\Desktop\Medical Office\project\system\Database\BaseConnection.php(421): CodeIgniter\Database\MySQLi\Connection->connect(false)
#1 C:\Users\Admin\Desktop\Medical Office\project\system\Database\BaseConnection.php(616): CodeIgniter\Database\BaseConnection->initialize()
#2 C:\Users\Admin\Desktop\Medical Office\project\system\Database\BaseConnection.php(1485): CodeIgniter\Database\BaseConnection->query('SHOW TABLES FRO...')
#3 C:\Users\Admin\Desktop\Medical Office\project\system\Database\BaseConnection.php(1505): CodeIgniter\Database\BaseConnection->listTables()
#4 C:\Users\Admin\Desktop\Medical Office\project\system\Database\MigrationRunner.php(759): CodeIgniter\Database\BaseConnection->tableExists('migrations')
#5 C:\Users\Admin\Desktop\Medical Office\project\system\Database\MigrationRunner.php(163): CodeIgniter\Database\MigrationRunner->ensureTable()
#6 C:\Users\Admin\Desktop\Medical Office\project\system\Commands\Database\Migrate.php(85): CodeIgniter\Database\MigrationRunner->latest(NULL)
#7 C:\Users\Admin\Desktop\Medical Office\project\system\CLI\Commands.php(70): CodeIgniter\Commands\Database\Migrate->run(Array)
#8 C:\Users\Admin\Desktop\Medical Office\project\system\CLI\Console.php(48): CodeIgniter\CLI\Commands->run('migrate', Array)
#9 C:\Users\Admin\Desktop\Medical Office\project\system\Boot.php(351): CodeIgniter\CLI\Console->run()
#10 C:\Users\Admin\Desktop\Medical Office\project\system\Boot.php(104): CodeIgniter\Boot::runCommand(Object(CodeIgniter\CLI\Console))
#11 C:\Users\Admin\Desktop\Medical Office\project\spark(84): CodeIgniter\Boot::bootSpark(Object(Config\Paths))
#12 {main}
ERROR - 2024-11-21 17:07:07 --> Error connecting to the database: mysqli_sql_exception: Access denied for user ''@'localhost' (using password: NO) in C:\Users\Admin\Desktop\Medical Office\project\system\Database\MySQLi\Connection.php:186
Stack trace:
#0 C:\Users\Admin\Desktop\Medical Office\project\system\Database\MySQLi\Connection.php(186): mysqli->real_connect('localhost', '', Object(SensitiveParameterValue), 'cabinet', 3306, '', 0)
#1 C:\Users\Admin\Desktop\Medical Office\project\system\Database\BaseConnection.php(421): CodeIgniter\Database\MySQLi\Connection->connect(false)
#2 C:\Users\Admin\Desktop\Medical Office\project\system\Database\BaseConnection.php(616): CodeIgniter\Database\BaseConnection->initialize()
#3 C:\Users\Admin\Desktop\Medical Office\project\system\Database\BaseConnection.php(1485): CodeIgniter\Database\BaseConnection->query('SHOW TABLES FRO...')
#4 C:\Users\Admin\Desktop\Medical Office\project\system\Database\BaseConnection.php(1505): CodeIgniter\Database\BaseConnection->listTables()
#5 C:\Users\Admin\Desktop\Medical Office\project\system\Database\MigrationRunner.php(759): CodeIgniter\Database\BaseConnection->tableExists('migrations')
#6 C:\Users\Admin\Desktop\Medical Office\project\system\Database\MigrationRunner.php(163): CodeIgniter\Database\MigrationRunner->ensureTable()
#7 C:\Users\Admin\Desktop\Medical Office\project\system\Commands\Database\Migrate.php(85): CodeIgniter\Database\MigrationRunner->latest(NULL)
#8 C:\Users\Admin\Desktop\Medical Office\project\system\CLI\Commands.php(70): CodeIgniter\Commands\Database\Migrate->run(Array)
#9 C:\Users\Admin\Desktop\Medical Office\project\system\CLI\Console.php(48): CodeIgniter\CLI\Commands->run('migrate', Array)
#10 C:\Users\Admin\Desktop\Medical Office\project\system\Boot.php(351): CodeIgniter\CLI\Console->run()
#11 C:\Users\Admin\Desktop\Medical Office\project\system\Boot.php(104): CodeIgniter\Boot::runCommand(Object(CodeIgniter\CLI\Console))
#12 C:\Users\Admin\Desktop\Medical Office\project\spark(84): CodeIgniter\Boot::bootSpark(Object(Config\Paths))
#13 {main}

Next CodeIgniter\Database\Exceptions\DatabaseException: Access denied for user ''@'localhost' (using password: NO) in C:\Users\Admin\Desktop\Medical Office\project\system\Database\MySQLi\Connection.php:231
Stack trace:
#0 C:\Users\Admin\Desktop\Medical Office\project\system\Database\BaseConnection.php(421): CodeIgniter\Database\MySQLi\Connection->connect(false)
#1 C:\Users\Admin\Desktop\Medical Office\project\system\Database\BaseConnection.php(616): CodeIgniter\Database\BaseConnection->initialize()
#2 C:\Users\Admin\Desktop\Medical Office\project\system\Database\BaseConnection.php(1485): CodeIgniter\Database\BaseConnection->query('SHOW TABLES FRO...')
#3 C:\Users\Admin\Desktop\Medical Office\project\system\Database\BaseConnection.php(1505): CodeIgniter\Database\BaseConnection->listTables()
#4 C:\Users\Admin\Desktop\Medical Office\project\system\Database\MigrationRunner.php(759): CodeIgniter\Database\BaseConnection->tableExists('migrations')
#5 C:\Users\Admin\Desktop\Medical Office\project\system\Database\MigrationRunner.php(163): CodeIgniter\Database\MigrationRunner->ensureTable()
#6 C:\Users\Admin\Desktop\Medical Office\project\system\Commands\Database\Migrate.php(85): CodeIgniter\Database\MigrationRunner->latest(NULL)
#7 C:\Users\Admin\Desktop\Medical Office\project\system\CLI\Commands.php(70): CodeIgniter\Commands\Database\Migrate->run(Array)
#8 C:\Users\Admin\Desktop\Medical Office\project\system\CLI\Console.php(48): CodeIgniter\CLI\Commands->run('migrate', Array)
#9 C:\Users\Admin\Desktop\Medical Office\project\system\Boot.php(351): CodeIgniter\CLI\Console->run()
#10 C:\Users\Admin\Desktop\Medical Office\project\system\Boot.php(104): CodeIgniter\Boot::runCommand(Object(CodeIgniter\CLI\Console))
#11 C:\Users\Admin\Desktop\Medical Office\project\spark(84): CodeIgniter\Boot::bootSpark(Object(Config\Paths))
#12 {main}
ERROR - 2024-11-21 17:08:21 --> Error connecting to the database: mysqli_sql_exception: Access denied for user ''@'localhost' (using password: NO) in C:\Users\Admin\Desktop\Medical Office\project\system\Database\MySQLi\Connection.php:186
Stack trace:
#0 C:\Users\Admin\Desktop\Medical Office\project\system\Database\MySQLi\Connection.php(186): mysqli->real_connect('localhost', '', Object(SensitiveParameterValue), 'cabinet', 3306, '', 0)
#1 C:\Users\Admin\Desktop\Medical Office\project\system\Database\BaseConnection.php(421): CodeIgniter\Database\MySQLi\Connection->connect(false)
#2 C:\Users\Admin\Desktop\Medical Office\project\system\Database\BaseConnection.php(616): CodeIgniter\Database\BaseConnection->initialize()
#3 C:\Users\Admin\Desktop\Medical Office\project\system\Database\BaseConnection.php(1485): CodeIgniter\Database\BaseConnection->query('SHOW TABLES FRO...')
#4 C:\Users\Admin\Desktop\Medical Office\project\system\Database\BaseConnection.php(1505): CodeIgniter\Database\BaseConnection->listTables()
#5 C:\Users\Admin\Desktop\Medical Office\project\system\Database\MigrationRunner.php(759): CodeIgniter\Database\BaseConnection->tableExists('migrations')
#6 C:\Users\Admin\Desktop\Medical Office\project\system\Database\MigrationRunner.php(163): CodeIgniter\Database\MigrationRunner->ensureTable()
#7 C:\Users\Admin\Desktop\Medical Office\project\system\Commands\Database\Migrate.php(85): CodeIgniter\Database\MigrationRunner->latest(NULL)
#8 C:\Users\Admin\Desktop\Medical Office\project\system\CLI\Commands.php(70): CodeIgniter\Commands\Database\Migrate->run(Array)
#9 C:\Users\Admin\Desktop\Medical Office\project\system\CLI\Console.php(48): CodeIgniter\CLI\Commands->run('migrate', Array)
#10 C:\Users\Admin\Desktop\Medical Office\project\system\Boot.php(351): CodeIgniter\CLI\Console->run()
#11 C:\Users\Admin\Desktop\Medical Office\project\system\Boot.php(104): CodeIgniter\Boot::runCommand(Object(CodeIgniter\CLI\Console))
#12 C:\Users\Admin\Desktop\Medical Office\project\spark(84): CodeIgniter\Boot::bootSpark(Object(Config\Paths))
#13 {main}

Next CodeIgniter\Database\Exceptions\DatabaseException: Access denied for user ''@'localhost' (using password: NO) in C:\Users\Admin\Desktop\Medical Office\project\system\Database\MySQLi\Connection.php:231
Stack trace:
#0 C:\Users\Admin\Desktop\Medical Office\project\system\Database\BaseConnection.php(421): CodeIgniter\Database\MySQLi\Connection->connect(false)
#1 C:\Users\Admin\Desktop\Medical Office\project\system\Database\BaseConnection.php(616): CodeIgniter\Database\BaseConnection->initialize()
#2 C:\Users\Admin\Desktop\Medical Office\project\system\Database\BaseConnection.php(1485): CodeIgniter\Database\BaseConnection->query('SHOW TABLES FRO...')
#3 C:\Users\Admin\Desktop\Medical Office\project\system\Database\BaseConnection.php(1505): CodeIgniter\Database\BaseConnection->listTables()
#4 C:\Users\Admin\Desktop\Medical Office\project\system\Database\MigrationRunner.php(759): CodeIgniter\Database\BaseConnection->tableExists('migrations')
#5 C:\Users\Admin\Desktop\Medical Office\project\system\Database\MigrationRunner.php(163): CodeIgniter\Database\MigrationRunner->ensureTable()
#6 C:\Users\Admin\Desktop\Medical Office\project\system\Commands\Database\Migrate.php(85): CodeIgniter\Database\MigrationRunner->latest(NULL)
#7 C:\Users\Admin\Desktop\Medical Office\project\system\CLI\Commands.php(70): CodeIgniter\Commands\Database\Migrate->run(Array)
#8 C:\Users\Admin\Desktop\Medical Office\project\system\CLI\Console.php(48): CodeIgniter\CLI\Commands->run('migrate', Array)
#9 C:\Users\Admin\Desktop\Medical Office\project\system\Boot.php(351): CodeIgniter\CLI\Console->run()
#10 C:\Users\Admin\Desktop\Medical Office\project\system\Boot.php(104): CodeIgniter\Boot::runCommand(Object(CodeIgniter\CLI\Console))
#11 C:\Users\Admin\Desktop\Medical Office\project\spark(84): CodeIgniter\Boot::bootSpark(Object(Config\Paths))
#12 {main}
ERROR - 2024-11-21 17:08:39 --> Error connecting to the database: mysqli_sql_exception: Access denied for user ''@'localhost' (using password: NO) in C:\Users\Admin\Desktop\Medical Office\project\system\Database\MySQLi\Connection.php:186
Stack trace:
#0 C:\Users\Admin\Desktop\Medical Office\project\system\Database\MySQLi\Connection.php(186): mysqli->real_connect('localhost', '', Object(SensitiveParameterValue), 'cabinet', 3306, '', 0)
#1 C:\Users\Admin\Desktop\Medical Office\project\system\Database\BaseConnection.php(421): CodeIgniter\Database\MySQLi\Connection->connect(false)
#2 C:\Users\Admin\Desktop\Medical Office\project\system\Database\BaseConnection.php(616): CodeIgniter\Database\BaseConnection->initialize()
#3 C:\Users\Admin\Desktop\Medical Office\project\system\Database\BaseConnection.php(1485): CodeIgniter\Database\BaseConnection->query('SHOW TABLES FRO...')
#4 C:\Users\Admin\Desktop\Medical Office\project\system\Database\BaseConnection.php(1505): CodeIgniter\Database\BaseConnection->listTables()
#5 C:\Users\Admin\Desktop\Medical Office\project\system\Database\MigrationRunner.php(759): CodeIgniter\Database\BaseConnection->tableExists('migrations')
#6 C:\Users\Admin\Desktop\Medical Office\project\system\Database\MigrationRunner.php(163): CodeIgniter\Database\MigrationRunner->ensureTable()
#7 C:\Users\Admin\Desktop\Medical Office\project\system\Commands\Database\Migrate.php(85): CodeIgniter\Database\MigrationRunner->latest(NULL)
#8 C:\Users\Admin\Desktop\Medical Office\project\system\CLI\Commands.php(70): CodeIgniter\Commands\Database\Migrate->run(Array)
#9 C:\Users\Admin\Desktop\Medical Office\project\system\CLI\Console.php(48): CodeIgniter\CLI\Commands->run('migrate', Array)
#10 C:\Users\Admin\Desktop\Medical Office\project\system\Boot.php(351): CodeIgniter\CLI\Console->run()
#11 C:\Users\Admin\Desktop\Medical Office\project\system\Boot.php(104): CodeIgniter\Boot::runCommand(Object(CodeIgniter\CLI\Console))
#12 C:\Users\Admin\Desktop\Medical Office\project\spark(84): CodeIgniter\Boot::bootSpark(Object(Config\Paths))
#13 {main}

Next CodeIgniter\Database\Exceptions\DatabaseException: Access denied for user ''@'localhost' (using password: NO) in C:\Users\Admin\Desktop\Medical Office\project\system\Database\MySQLi\Connection.php:231
Stack trace:
#0 C:\Users\Admin\Desktop\Medical Office\project\system\Database\BaseConnection.php(421): CodeIgniter\Database\MySQLi\Connection->connect(false)
#1 C:\Users\Admin\Desktop\Medical Office\project\system\Database\BaseConnection.php(616): CodeIgniter\Database\BaseConnection->initialize()
#2 C:\Users\Admin\Desktop\Medical Office\project\system\Database\BaseConnection.php(1485): CodeIgniter\Database\BaseConnection->query('SHOW TABLES FRO...')
#3 C:\Users\Admin\Desktop\Medical Office\project\system\Database\BaseConnection.php(1505): CodeIgniter\Database\BaseConnection->listTables()
#4 C:\Users\Admin\Desktop\Medical Office\project\system\Database\MigrationRunner.php(759): CodeIgniter\Database\BaseConnection->tableExists('migrations')
#5 C:\Users\Admin\Desktop\Medical Office\project\system\Database\MigrationRunner.php(163): CodeIgniter\Database\MigrationRunner->ensureTable()
#6 C:\Users\Admin\Desktop\Medical Office\project\system\Commands\Database\Migrate.php(85): CodeIgniter\Database\MigrationRunner->latest(NULL)
#7 C:\Users\Admin\Desktop\Medical Office\project\system\CLI\Commands.php(70): CodeIgniter\Commands\Database\Migrate->run(Array)
#8 C:\Users\Admin\Desktop\Medical Office\project\system\CLI\Console.php(48): CodeIgniter\CLI\Commands->run('migrate', Array)
#9 C:\Users\Admin\Desktop\Medical Office\project\system\Boot.php(351): CodeIgniter\CLI\Console->run()
#10 C:\Users\Admin\Desktop\Medical Office\project\system\Boot.php(104): CodeIgniter\Boot::runCommand(Object(CodeIgniter\CLI\Console))
#11 C:\Users\Admin\Desktop\Medical Office\project\spark(84): CodeIgniter\Boot::bootSpark(Object(Config\Paths))
#12 {main}
ERROR - 2024-11-21 17:09:10 --> Error connecting to the database: mysqli_sql_exception: Access denied for user ''@'localhost' (using password: NO) in C:\Users\Admin\Desktop\Medical Office\project\system\Database\MySQLi\Connection.php:186
Stack trace:
#0 C:\Users\Admin\Desktop\Medical Office\project\system\Database\MySQLi\Connection.php(186): mysqli->real_connect('localhost', '', Object(SensitiveParameterValue), '', 3306, '', 0)
#1 C:\Users\Admin\Desktop\Medical Office\project\system\Database\BaseConnection.php(421): CodeIgniter\Database\MySQLi\Connection->connect(false)
#2 C:\Users\Admin\Desktop\Medical Office\project\system\Database\BaseConnection.php(616): CodeIgniter\Database\BaseConnection->initialize()
#3 C:\Users\Admin\Desktop\Medical Office\project\system\Database\BaseConnection.php(1485): CodeIgniter\Database\BaseConnection->query('SHOW TABLES FRO...')
#4 C:\Users\Admin\Desktop\Medical Office\project\system\Database\BaseConnection.php(1505): CodeIgniter\Database\BaseConnection->listTables()
#5 C:\Users\Admin\Desktop\Medical Office\project\system\Database\MigrationRunner.php(759): CodeIgniter\Database\BaseConnection->tableExists('migrations')
#6 C:\Users\Admin\Desktop\Medical Office\project\system\Database\MigrationRunner.php(163): CodeIgniter\Database\MigrationRunner->ensureTable()
#7 C:\Users\Admin\Desktop\Medical Office\project\system\Commands\Database\Migrate.php(85): CodeIgniter\Database\MigrationRunner->latest(NULL)
#8 C:\Users\Admin\Desktop\Medical Office\project\system\CLI\Commands.php(70): CodeIgniter\Commands\Database\Migrate->run(Array)
#9 C:\Users\Admin\Desktop\Medical Office\project\system\CLI\Console.php(48): CodeIgniter\CLI\Commands->run('migrate', Array)
#10 C:\Users\Admin\Desktop\Medical Office\project\system\Boot.php(351): CodeIgniter\CLI\Console->run()
#11 C:\Users\Admin\Desktop\Medical Office\project\system\Boot.php(104): CodeIgniter\Boot::runCommand(Object(CodeIgniter\CLI\Console))
#12 C:\Users\Admin\Desktop\Medical Office\project\spark(84): CodeIgniter\Boot::bootSpark(Object(Config\Paths))
#13 {main}

Next CodeIgniter\Database\Exceptions\DatabaseException: Access denied for user ''@'localhost' (using password: NO) in C:\Users\Admin\Desktop\Medical Office\project\system\Database\MySQLi\Connection.php:231
Stack trace:
#0 C:\Users\Admin\Desktop\Medical Office\project\system\Database\BaseConnection.php(421): CodeIgniter\Database\MySQLi\Connection->connect(false)
#1 C:\Users\Admin\Desktop\Medical Office\project\system\Database\BaseConnection.php(616): CodeIgniter\Database\BaseConnection->initialize()
#2 C:\Users\Admin\Desktop\Medical Office\project\system\Database\BaseConnection.php(1485): CodeIgniter\Database\BaseConnection->query('SHOW TABLES FRO...')
#3 C:\Users\Admin\Desktop\Medical Office\project\system\Database\BaseConnection.php(1505): CodeIgniter\Database\BaseConnection->listTables()
#4 C:\Users\Admin\Desktop\Medical Office\project\system\Database\MigrationRunner.php(759): CodeIgniter\Database\BaseConnection->tableExists('migrations')
#5 C:\Users\Admin\Desktop\Medical Office\project\system\Database\MigrationRunner.php(163): CodeIgniter\Database\MigrationRunner->ensureTable()
#6 C:\Users\Admin\Desktop\Medical Office\project\system\Commands\Database\Migrate.php(85): CodeIgniter\Database\MigrationRunner->latest(NULL)
#7 C:\Users\Admin\Desktop\Medical Office\project\system\CLI\Commands.php(70): CodeIgniter\Commands\Database\Migrate->run(Array)
#8 C:\Users\Admin\Desktop\Medical Office\project\system\CLI\Console.php(48): CodeIgniter\CLI\Commands->run('migrate', Array)
#9 C:\Users\Admin\Desktop\Medical Office\project\system\Boot.php(351): CodeIgniter\CLI\Console->run()
#10 C:\Users\Admin\Desktop\Medical Office\project\system\Boot.php(104): CodeIgniter\Boot::runCommand(Object(CodeIgniter\CLI\Console))
#11 C:\Users\Admin\Desktop\Medical Office\project\spark(84): CodeIgniter\Boot::bootSpark(Object(Config\Paths))
#12 {main}
ERROR - 2024-11-21 17:09:29 --> Error connecting to the database: mysqli_sql_exception: Access denied for user ''@'localhost' (using password: NO) in C:\Users\Admin\Desktop\Medical Office\project\system\Database\MySQLi\Connection.php:186
Stack trace:
#0 C:\Users\Admin\Desktop\Medical Office\project\system\Database\MySQLi\Connection.php(186): mysqli->real_connect('localhost', '', Object(SensitiveParameterValue), '', 3306, '', 0)
#1 C:\Users\Admin\Desktop\Medical Office\project\system\Database\BaseConnection.php(421): CodeIgniter\Database\MySQLi\Connection->connect(false)
#2 C:\Users\Admin\Desktop\Medical Office\project\system\Database\BaseConnection.php(616): CodeIgniter\Database\BaseConnection->initialize()
#3 C:\Users\Admin\Desktop\Medical Office\project\system\Database\BaseConnection.php(1485): CodeIgniter\Database\BaseConnection->query('SHOW TABLES FRO...')
#4 C:\Users\Admin\Desktop\Medical Office\project\system\Database\BaseConnection.php(1505): CodeIgniter\Database\BaseConnection->listTables()
#5 C:\Users\Admin\Desktop\Medical Office\project\system\Database\MigrationRunner.php(759): CodeIgniter\Database\BaseConnection->tableExists('migrations')
#6 C:\Users\Admin\Desktop\Medical Office\project\system\Database\MigrationRunner.php(163): CodeIgniter\Database\MigrationRunner->ensureTable()
#7 C:\Users\Admin\Desktop\Medical Office\project\system\Commands\Database\Migrate.php(85): CodeIgniter\Database\MigrationRunner->latest(NULL)
#8 C:\Users\Admin\Desktop\Medical Office\project\system\CLI\Commands.php(70): CodeIgniter\Commands\Database\Migrate->run(Array)
#9 C:\Users\Admin\Desktop\Medical Office\project\system\CLI\Console.php(48): CodeIgniter\CLI\Commands->run('migrate', Array)
#10 C:\Users\Admin\Desktop\Medical Office\project\system\Boot.php(351): CodeIgniter\CLI\Console->run()
#11 C:\Users\Admin\Desktop\Medical Office\project\system\Boot.php(104): CodeIgniter\Boot::runCommand(Object(CodeIgniter\CLI\Console))
#12 C:\Users\Admin\Desktop\Medical Office\project\spark(84): CodeIgniter\Boot::bootSpark(Object(Config\Paths))
#13 {main}

Next CodeIgniter\Database\Exceptions\DatabaseException: Access denied for user ''@'localhost' (using password: NO) in C:\Users\Admin\Desktop\Medical Office\project\system\Database\MySQLi\Connection.php:231
Stack trace:
#0 C:\Users\Admin\Desktop\Medical Office\project\system\Database\BaseConnection.php(421): CodeIgniter\Database\MySQLi\Connection->connect(false)
#1 C:\Users\Admin\Desktop\Medical Office\project\system\Database\BaseConnection.php(616): CodeIgniter\Database\BaseConnection->initialize()
#2 C:\Users\Admin\Desktop\Medical Office\project\system\Database\BaseConnection.php(1485): CodeIgniter\Database\BaseConnection->query('SHOW TABLES FRO...')
#3 C:\Users\Admin\Desktop\Medical Office\project\system\Database\BaseConnection.php(1505): CodeIgniter\Database\BaseConnection->listTables()
#4 C:\Users\Admin\Desktop\Medical Office\project\system\Database\MigrationRunner.php(759): CodeIgniter\Database\BaseConnection->tableExists('migrations')
#5 C:\Users\Admin\Desktop\Medical Office\project\system\Database\MigrationRunner.php(163): CodeIgniter\Database\MigrationRunner->ensureTable()
#6 C:\Users\Admin\Desktop\Medical Office\project\system\Commands\Database\Migrate.php(85): CodeIgniter\Database\MigrationRunner->latest(NULL)
#7 C:\Users\Admin\Desktop\Medical Office\project\system\CLI\Commands.php(70): CodeIgniter\Commands\Database\Migrate->run(Array)
#8 C:\Users\Admin\Desktop\Medical Office\project\system\CLI\Console.php(48): CodeIgniter\CLI\Commands->run('migrate', Array)
#9 C:\Users\Admin\Desktop\Medical Office\project\system\Boot.php(351): CodeIgniter\CLI\Console->run()
#10 C:\Users\Admin\Desktop\Medical Office\project\system\Boot.php(104): CodeIgniter\Boot::runCommand(Object(CodeIgniter\CLI\Console))
#11 C:\Users\Admin\Desktop\Medical Office\project\spark(84): CodeIgniter\Boot::bootSpark(Object(Config\Paths))
#12 {main}
ERROR - 2024-11-21 17:11:19 --> Error connecting to the database: mysqli_sql_exception: Access denied for user ''@'localhost' (using password: NO) in C:\Users\Admin\Desktop\Medical Office\project\system\Database\MySQLi\Connection.php:186
Stack trace:
#0 C:\Users\Admin\Desktop\Medical Office\project\system\Database\MySQLi\Connection.php(186): mysqli->real_connect('localhost', '', Object(SensitiveParameterValue), 'products', 3306, '', 0)
#1 C:\Users\Admin\Desktop\Medical Office\project\system\Database\BaseConnection.php(421): CodeIgniter\Database\MySQLi\Connection->connect(false)
#2 C:\Users\Admin\Desktop\Medical Office\project\system\Database\BaseConnection.php(616): CodeIgniter\Database\BaseConnection->initialize()
#3 C:\Users\Admin\Desktop\Medical Office\project\system\Database\BaseConnection.php(1485): CodeIgniter\Database\BaseConnection->query('SHOW TABLES FRO...')
#4 C:\Users\Admin\Desktop\Medical Office\project\system\Database\BaseConnection.php(1505): CodeIgniter\Database\BaseConnection->listTables()
#5 C:\Users\Admin\Desktop\Medical Office\project\system\Database\MigrationRunner.php(759): CodeIgniter\Database\BaseConnection->tableExists('migrations')
#6 C:\Users\Admin\Desktop\Medical Office\project\system\Database\MigrationRunner.php(163): CodeIgniter\Database\MigrationRunner->ensureTable()
#7 C:\Users\Admin\Desktop\Medical Office\project\system\Commands\Database\Migrate.php(85): CodeIgniter\Database\MigrationRunner->latest(NULL)
#8 C:\Users\Admin\Desktop\Medical Office\project\system\CLI\Commands.php(70): CodeIgniter\Commands\Database\Migrate->run(Array)
#9 C:\Users\Admin\Desktop\Medical Office\project\system\CLI\Console.php(48): CodeIgniter\CLI\Commands->run('migrate', Array)
#10 C:\Users\Admin\Desktop\Medical Office\project\system\Boot.php(351): CodeIgniter\CLI\Console->run()
#11 C:\Users\Admin\Desktop\Medical Office\project\system\Boot.php(104): CodeIgniter\Boot::runCommand(Object(CodeIgniter\CLI\Console))
#12 C:\Users\Admin\Desktop\Medical Office\project\spark(84): CodeIgniter\Boot::bootSpark(Object(Config\Paths))
#13 {main}

Next CodeIgniter\Database\Exceptions\DatabaseException: Access denied for user ''@'localhost' (using password: NO) in C:\Users\Admin\Desktop\Medical Office\project\system\Database\MySQLi\Connection.php:231
Stack trace:
#0 C:\Users\Admin\Desktop\Medical Office\project\system\Database\BaseConnection.php(421): CodeIgniter\Database\MySQLi\Connection->connect(false)
#1 C:\Users\Admin\Desktop\Medical Office\project\system\Database\BaseConnection.php(616): CodeIgniter\Database\BaseConnection->initialize()
#2 C:\Users\Admin\Desktop\Medical Office\project\system\Database\BaseConnection.php(1485): CodeIgniter\Database\BaseConnection->query('SHOW TABLES FRO...')
#3 C:\Users\Admin\Desktop\Medical Office\project\system\Database\BaseConnection.php(1505): CodeIgniter\Database\BaseConnection->listTables()
#4 C:\Users\Admin\Desktop\Medical Office\project\system\Database\MigrationRunner.php(759): CodeIgniter\Database\BaseConnection->tableExists('migrations')
#5 C:\Users\Admin\Desktop\Medical Office\project\system\Database\MigrationRunner.php(163): CodeIgniter\Database\MigrationRunner->ensureTable()
#6 C:\Users\Admin\Desktop\Medical Office\project\system\Commands\Database\Migrate.php(85): CodeIgniter\Database\MigrationRunner->latest(NULL)
#7 C:\Users\Admin\Desktop\Medical Office\project\system\CLI\Commands.php(70): CodeIgniter\Commands\Database\Migrate->run(Array)
#8 C:\Users\Admin\Desktop\Medical Office\project\system\CLI\Console.php(48): CodeIgniter\CLI\Commands->run('migrate', Array)
#9 C:\Users\Admin\Desktop\Medical Office\project\system\Boot.php(351): CodeIgniter\CLI\Console->run()
#10 C:\Users\Admin\Desktop\Medical Office\project\system\Boot.php(104): CodeIgniter\Boot::runCommand(Object(CodeIgniter\CLI\Console))
#11 C:\Users\Admin\Desktop\Medical Office\project\spark(84): CodeIgniter\Boot::bootSpark(Object(Config\Paths))
#12 {main}
ERROR - 2024-11-21 17:11:56 --> Error connecting to the database: mysqli_sql_exception: Access denied for user ''@'localhost' (using password: NO) in C:\Users\Admin\Desktop\Medical Office\project\system\Database\MySQLi\Connection.php:186
Stack trace:
#0 C:\Users\Admin\Desktop\Medical Office\project\system\Database\MySQLi\Connection.php(186): mysqli->real_connect('localhost', '', Object(SensitiveParameterValue), 'cabinet', 3306, '', 0)
#1 C:\Users\Admin\Desktop\Medical Office\project\system\Database\BaseConnection.php(421): CodeIgniter\Database\MySQLi\Connection->connect(false)
#2 C:\Users\Admin\Desktop\Medical Office\project\system\Database\BaseConnection.php(616): CodeIgniter\Database\BaseConnection->initialize()
#3 C:\Users\Admin\Desktop\Medical Office\project\system\Database\BaseConnection.php(1485): CodeIgniter\Database\BaseConnection->query('SHOW TABLES FRO...')
#4 C:\Users\Admin\Desktop\Medical Office\project\system\Database\BaseConnection.php(1505): CodeIgniter\Database\BaseConnection->listTables()
#5 C:\Users\Admin\Desktop\Medical Office\project\system\Database\MigrationRunner.php(759): CodeIgniter\Database\BaseConnection->tableExists('migrations')
#6 C:\Users\Admin\Desktop\Medical Office\project\system\Database\MigrationRunner.php(163): CodeIgniter\Database\MigrationRunner->ensureTable()
#7 C:\Users\Admin\Desktop\Medical Office\project\system\Commands\Database\Migrate.php(85): CodeIgniter\Database\MigrationRunner->latest(NULL)
#8 C:\Users\Admin\Desktop\Medical Office\project\system\CLI\Commands.php(70): CodeIgniter\Commands\Database\Migrate->run(Array)
#9 C:\Users\Admin\Desktop\Medical Office\project\system\CLI\Console.php(48): CodeIgniter\CLI\Commands->run('migrate', Array)
#10 C:\Users\Admin\Desktop\Medical Office\project\system\Boot.php(351): CodeIgniter\CLI\Console->run()
#11 C:\Users\Admin\Desktop\Medical Office\project\system\Boot.php(104): CodeIgniter\Boot::runCommand(Object(CodeIgniter\CLI\Console))
#12 C:\Users\Admin\Desktop\Medical Office\project\spark(84): CodeIgniter\Boot::bootSpark(Object(Config\Paths))
#13 {main}

Next CodeIgniter\Database\Exceptions\DatabaseException: Access denied for user ''@'localhost' (using password: NO) in C:\Users\Admin\Desktop\Medical Office\project\system\Database\MySQLi\Connection.php:231
Stack trace:
#0 C:\Users\Admin\Desktop\Medical Office\project\system\Database\BaseConnection.php(421): CodeIgniter\Database\MySQLi\Connection->connect(false)
#1 C:\Users\Admin\Desktop\Medical Office\project\system\Database\BaseConnection.php(616): CodeIgniter\Database\BaseConnection->initialize()
#2 C:\Users\Admin\Desktop\Medical Office\project\system\Database\BaseConnection.php(1485): CodeIgniter\Database\BaseConnection->query('SHOW TABLES FRO...')
#3 C:\Users\Admin\Desktop\Medical Office\project\system\Database\BaseConnection.php(1505): CodeIgniter\Database\BaseConnection->listTables()
#4 C:\Users\Admin\Desktop\Medical Office\project\system\Database\MigrationRunner.php(759): CodeIgniter\Database\BaseConnection->tableExists('migrations')
#5 C:\Users\Admin\Desktop\Medical Office\project\system\Database\MigrationRunner.php(163): CodeIgniter\Database\MigrationRunner->ensureTable()
#6 C:\Users\Admin\Desktop\Medical Office\project\system\Commands\Database\Migrate.php(85): CodeIgniter\Database\MigrationRunner->latest(NULL)
#7 C:\Users\Admin\Desktop\Medical Office\project\system\CLI\Commands.php(70): CodeIgniter\Commands\Database\Migrate->run(Array)
#8 C:\Users\Admin\Desktop\Medical Office\project\system\CLI\Console.php(48): CodeIgniter\CLI\Commands->run('migrate', Array)
#9 C:\Users\Admin\Desktop\Medical Office\project\system\Boot.php(351): CodeIgniter\CLI\Console->run()
#10 C:\Users\Admin\Desktop\Medical Office\project\system\Boot.php(104): CodeIgniter\Boot::runCommand(Object(CodeIgniter\CLI\Console))
#11 C:\Users\Admin\Desktop\Medical Office\project\spark(84): CodeIgniter\Boot::bootSpark(Object(Config\Paths))
#12 {main}
ERROR - 2024-11-21 17:14:39 --> Error connecting to the database: mysqli_sql_exception: Access denied for user ''@'localhost' (using password: NO) in C:\Users\Admin\Desktop\Medical Office\project\system\Database\MySQLi\Connection.php:186
Stack trace:
#0 C:\Users\Admin\Desktop\Medical Office\project\system\Database\MySQLi\Connection.php(186): mysqli->real_connect('localhost', '', Object(SensitiveParameterValue), 'cabinet', 3306, '', 0)
#1 C:\Users\Admin\Desktop\Medical Office\project\system\Database\BaseConnection.php(421): CodeIgniter\Database\MySQLi\Connection->connect(false)
#2 C:\Users\Admin\Desktop\Medical Office\project\system\Database\BaseConnection.php(616): CodeIgniter\Database\BaseConnection->initialize()
#3 C:\Users\Admin\Desktop\Medical Office\project\system\Database\BaseConnection.php(1485): CodeIgniter\Database\BaseConnection->query('SHOW TABLES FRO...')
#4 C:\Users\Admin\Desktop\Medical Office\project\system\Database\BaseConnection.php(1505): CodeIgniter\Database\BaseConnection->listTables()
#5 C:\Users\Admin\Desktop\Medical Office\project\system\Database\MigrationRunner.php(759): CodeIgniter\Database\BaseConnection->tableExists('migrations')
#6 C:\Users\Admin\Desktop\Medical Office\project\system\Database\MigrationRunner.php(163): CodeIgniter\Database\MigrationRunner->ensureTable()
#7 C:\Users\Admin\Desktop\Medical Office\project\system\Commands\Database\Migrate.php(85): CodeIgniter\Database\MigrationRunner->latest(NULL)
#8 C:\Users\Admin\Desktop\Medical Office\project\system\CLI\Commands.php(70): CodeIgniter\Commands\Database\Migrate->run(Array)
#9 C:\Users\Admin\Desktop\Medical Office\project\system\CLI\Console.php(48): CodeIgniter\CLI\Commands->run('migrate', Array)
#10 C:\Users\Admin\Desktop\Medical Office\project\system\Boot.php(351): CodeIgniter\CLI\Console->run()
#11 C:\Users\Admin\Desktop\Medical Office\project\system\Boot.php(104): CodeIgniter\Boot::runCommand(Object(CodeIgniter\CLI\Console))
#12 C:\Users\Admin\Desktop\Medical Office\project\spark(84): CodeIgniter\Boot::bootSpark(Object(Config\Paths))
#13 {main}

Next CodeIgniter\Database\Exceptions\DatabaseException: Access denied for user ''@'localhost' (using password: NO) in C:\Users\Admin\Desktop\Medical Office\project\system\Database\MySQLi\Connection.php:231
Stack trace:
#0 C:\Users\Admin\Desktop\Medical Office\project\system\Database\BaseConnection.php(421): CodeIgniter\Database\MySQLi\Connection->connect(false)
#1 C:\Users\Admin\Desktop\Medical Office\project\system\Database\BaseConnection.php(616): CodeIgniter\Database\BaseConnection->initialize()
#2 C:\Users\Admin\Desktop\Medical Office\project\system\Database\BaseConnection.php(1485): CodeIgniter\Database\BaseConnection->query('SHOW TABLES FRO...')
#3 C:\Users\Admin\Desktop\Medical Office\project\system\Database\BaseConnection.php(1505): CodeIgniter\Database\BaseConnection->listTables()
#4 C:\Users\Admin\Desktop\Medical Office\project\system\Database\MigrationRunner.php(759): CodeIgniter\Database\BaseConnection->tableExists('migrations')
#5 C:\Users\Admin\Desktop\Medical Office\project\system\Database\MigrationRunner.php(163): CodeIgniter\Database\MigrationRunner->ensureTable()
#6 C:\Users\Admin\Desktop\Medical Office\project\system\Commands\Database\Migrate.php(85): CodeIgniter\Database\MigrationRunner->latest(NULL)
#7 C:\Users\Admin\Desktop\Medical Office\project\system\CLI\Commands.php(70): CodeIgniter\Commands\Database\Migrate->run(Array)
#8 C:\Users\Admin\Desktop\Medical Office\project\system\CLI\Console.php(48): CodeIgniter\CLI\Commands->run('migrate', Array)
#9 C:\Users\Admin\Desktop\Medical Office\project\system\Boot.php(351): CodeIgniter\CLI\Console->run()
#10 C:\Users\Admin\Desktop\Medical Office\project\system\Boot.php(104): CodeIgniter\Boot::runCommand(Object(CodeIgniter\CLI\Console))
#11 C:\Users\Admin\Desktop\Medical Office\project\spark(84): CodeIgniter\Boot::bootSpark(Object(Config\Paths))
#12 {main}
ERROR - 2024-11-21 17:14:53 --> Error connecting to the database: mysqli_sql_exception: Access denied for user ''@'localhost' (using password: NO) in C:\Users\Admin\Desktop\Medical Office\project\system\Database\MySQLi\Connection.php:186
Stack trace:
#0 C:\Users\Admin\Desktop\Medical Office\project\system\Database\MySQLi\Connection.php(186): mysqli->real_connect('localhost', '', Object(SensitiveParameterValue), '', 3306, '', 0)
#1 C:\Users\Admin\Desktop\Medical Office\project\system\Database\BaseConnection.php(421): CodeIgniter\Database\MySQLi\Connection->connect(false)
#2 C:\Users\Admin\Desktop\Medical Office\project\system\Database\BaseConnection.php(616): CodeIgniter\Database\BaseConnection->initialize()
#3 C:\Users\Admin\Desktop\Medical Office\project\system\Database\BaseConnection.php(1485): CodeIgniter\Database\BaseConnection->query('SHOW TABLES FRO...')
#4 C:\Users\Admin\Desktop\Medical Office\project\system\Database\BaseConnection.php(1505): CodeIgniter\Database\BaseConnection->listTables()
#5 C:\Users\Admin\Desktop\Medical Office\project\system\Database\MigrationRunner.php(759): CodeIgniter\Database\BaseConnection->tableExists('migrations')
#6 C:\Users\Admin\Desktop\Medical Office\project\system\Database\MigrationRunner.php(163): CodeIgniter\Database\MigrationRunner->ensureTable()
#7 C:\Users\Admin\Desktop\Medical Office\project\system\Commands\Database\Migrate.php(85): CodeIgniter\Database\MigrationRunner->latest(NULL)
#8 C:\Users\Admin\Desktop\Medical Office\project\system\CLI\Commands.php(70): CodeIgniter\Commands\Database\Migrate->run(Array)
#9 C:\Users\Admin\Desktop\Medical Office\project\system\CLI\Console.php(48): CodeIgniter\CLI\Commands->run('migrate', Array)
#10 C:\Users\Admin\Desktop\Medical Office\project\system\Boot.php(351): CodeIgniter\CLI\Console->run()
#11 C:\Users\Admin\Desktop\Medical Office\project\system\Boot.php(104): CodeIgniter\Boot::runCommand(Object(CodeIgniter\CLI\Console))
#12 C:\Users\Admin\Desktop\Medical Office\project\spark(84): CodeIgniter\Boot::bootSpark(Object(Config\Paths))
#13 {main}

Next CodeIgniter\Database\Exceptions\DatabaseException: Access denied for user ''@'localhost' (using password: NO) in C:\Users\Admin\Desktop\Medical Office\project\system\Database\MySQLi\Connection.php:231
Stack trace:
#0 C:\Users\Admin\Desktop\Medical Office\project\system\Database\BaseConnection.php(421): CodeIgniter\Database\MySQLi\Connection->connect(false)
#1 C:\Users\Admin\Desktop\Medical Office\project\system\Database\BaseConnection.php(616): CodeIgniter\Database\BaseConnection->initialize()
#2 C:\Users\Admin\Desktop\Medical Office\project\system\Database\BaseConnection.php(1485): CodeIgniter\Database\BaseConnection->query('SHOW TABLES FRO...')
#3 C:\Users\Admin\Desktop\Medical Office\project\system\Database\BaseConnection.php(1505): CodeIgniter\Database\BaseConnection->listTables()
#4 C:\Users\Admin\Desktop\Medical Office\project\system\Database\MigrationRunner.php(759): CodeIgniter\Database\BaseConnection->tableExists('migrations')
#5 C:\Users\Admin\Desktop\Medical Office\project\system\Database\MigrationRunner.php(163): CodeIgniter\Database\MigrationRunner->ensureTable()
#6 C:\Users\Admin\Desktop\Medical Office\project\system\Commands\Database\Migrate.php(85): CodeIgniter\Database\MigrationRunner->latest(NULL)
#7 C:\Users\Admin\Desktop\Medical Office\project\system\CLI\Commands.php(70): CodeIgniter\Commands\Database\Migrate->run(Array)
#8 C:\Users\Admin\Desktop\Medical Office\project\system\CLI\Console.php(48): CodeIgniter\CLI\Commands->run('migrate', Array)
#9 C:\Users\Admin\Desktop\Medical Office\project\system\Boot.php(351): CodeIgniter\CLI\Console->run()
#10 C:\Users\Admin\Desktop\Medical Office\project\system\Boot.php(104): CodeIgniter\Boot::runCommand(Object(CodeIgniter\CLI\Console))
#11 C:\Users\Admin\Desktop\Medical Office\project\spark(84): CodeIgniter\Boot::bootSpark(Object(Config\Paths))
#12 {main}
ERROR - 2024-11-21 17:16:01 --> Error connecting to the database: mysqli_sql_exception: Access denied for user ''@'localhost' (using password: NO) in C:\Users\Admin\Desktop\Medical Office\project\system\Database\MySQLi\Connection.php:186
Stack trace:
#0 C:\Users\Admin\Desktop\Medical Office\project\system\Database\MySQLi\Connection.php(186): mysqli->real_connect('localhost:3306', '', Object(SensitiveParameterValue), 'cabinet', 3306, '', 0)
#1 C:\Users\Admin\Desktop\Medical Office\project\system\Database\BaseConnection.php(421): CodeIgniter\Database\MySQLi\Connection->connect(false)
#2 C:\Users\Admin\Desktop\Medical Office\project\system\Database\BaseConnection.php(616): CodeIgniter\Database\BaseConnection->initialize()
#3 C:\Users\Admin\Desktop\Medical Office\project\system\Database\BaseConnection.php(1485): CodeIgniter\Database\BaseConnection->query('SHOW TABLES FRO...')
#4 C:\Users\Admin\Desktop\Medical Office\project\system\Database\BaseConnection.php(1505): CodeIgniter\Database\BaseConnection->listTables()
#5 C:\Users\Admin\Desktop\Medical Office\project\system\Database\MigrationRunner.php(759): CodeIgniter\Database\BaseConnection->tableExists('migrations')
#6 C:\Users\Admin\Desktop\Medical Office\project\system\Database\MigrationRunner.php(163): CodeIgniter\Database\MigrationRunner->ensureTable()
#7 C:\Users\Admin\Desktop\Medical Office\project\system\Commands\Database\Migrate.php(85): CodeIgniter\Database\MigrationRunner->latest(NULL)
#8 C:\Users\Admin\Desktop\Medical Office\project\system\CLI\Commands.php(70): CodeIgniter\Commands\Database\Migrate->run(Array)
#9 C:\Users\Admin\Desktop\Medical Office\project\system\CLI\Console.php(48): CodeIgniter\CLI\Commands->run('migrate', Array)
#10 C:\Users\Admin\Desktop\Medical Office\project\system\Boot.php(351): CodeIgniter\CLI\Console->run()
#11 C:\Users\Admin\Desktop\Medical Office\project\system\Boot.php(104): CodeIgniter\Boot::runCommand(Object(CodeIgniter\CLI\Console))
#12 C:\Users\Admin\Desktop\Medical Office\project\spark(84): CodeIgniter\Boot::bootSpark(Object(Config\Paths))
#13 {main}

Next CodeIgniter\Database\Exceptions\DatabaseException: Access denied for user ''@'localhost' (using password: NO) in C:\Users\Admin\Desktop\Medical Office\project\system\Database\MySQLi\Connection.php:231
Stack trace:
#0 C:\Users\Admin\Desktop\Medical Office\project\system\Database\BaseConnection.php(421): CodeIgniter\Database\MySQLi\Connection->connect(false)
#1 C:\Users\Admin\Desktop\Medical Office\project\system\Database\BaseConnection.php(616): CodeIgniter\Database\BaseConnection->initialize()
#2 C:\Users\Admin\Desktop\Medical Office\project\system\Database\BaseConnection.php(1485): CodeIgniter\Database\BaseConnection->query('SHOW TABLES FRO...')
#3 C:\Users\Admin\Desktop\Medical Office\project\system\Database\BaseConnection.php(1505): CodeIgniter\Database\BaseConnection->listTables()
#4 C:\Users\Admin\Desktop\Medical Office\project\system\Database\MigrationRunner.php(759): CodeIgniter\Database\BaseConnection->tableExists('migrations')
#5 C:\Users\Admin\Desktop\Medical Office\project\system\Database\MigrationRunner.php(163): CodeIgniter\Database\MigrationRunner->ensureTable()
#6 C:\Users\Admin\Desktop\Medical Office\project\system\Commands\Database\Migrate.php(85): CodeIgniter\Database\MigrationRunner->latest(NULL)
#7 C:\Users\Admin\Desktop\Medical Office\project\system\CLI\Commands.php(70): CodeIgniter\Commands\Database\Migrate->run(Array)
#8 C:\Users\Admin\Desktop\Medical Office\project\system\CLI\Console.php(48): CodeIgniter\CLI\Commands->run('migrate', Array)
#9 C:\Users\Admin\Desktop\Medical Office\project\system\Boot.php(351): CodeIgniter\CLI\Console->run()
#10 C:\Users\Admin\Desktop\Medical Office\project\system\Boot.php(104): CodeIgniter\Boot::runCommand(Object(CodeIgniter\CLI\Console))
#11 C:\Users\Admin\Desktop\Medical Office\project\spark(84): CodeIgniter\Boot::bootSpark(Object(Config\Paths))
#12 {main}
ERROR - 2024-11-21 17:16:12 --> Error connecting to the database: mysqli_sql_exception: Access denied for user ''@'localhost' (using password: NO) in C:\Users\Admin\Desktop\Medical Office\project\system\Database\MySQLi\Connection.php:186
Stack trace:
#0 C:\Users\Admin\Desktop\Medical Office\project\system\Database\MySQLi\Connection.php(186): mysqli->real_connect('localhost:3306', '', Object(SensitiveParameterValue), 'cabinet', 3306, '', 0)
#1 C:\Users\Admin\Desktop\Medical Office\project\system\Database\BaseConnection.php(421): CodeIgniter\Database\MySQLi\Connection->connect(false)
#2 C:\Users\Admin\Desktop\Medical Office\project\system\Database\BaseConnection.php(616): CodeIgniter\Database\BaseConnection->initialize()
#3 C:\Users\Admin\Desktop\Medical Office\project\system\Database\BaseConnection.php(1485): CodeIgniter\Database\BaseConnection->query('SHOW TABLES FRO...')
#4 C:\Users\Admin\Desktop\Medical Office\project\system\Database\BaseConnection.php(1505): CodeIgniter\Database\BaseConnection->listTables()
#5 C:\Users\Admin\Desktop\Medical Office\project\system\Database\MigrationRunner.php(759): CodeIgniter\Database\BaseConnection->tableExists('migrations')
#6 C:\Users\Admin\Desktop\Medical Office\project\system\Database\MigrationRunner.php(163): CodeIgniter\Database\MigrationRunner->ensureTable()
#7 C:\Users\Admin\Desktop\Medical Office\project\system\Commands\Database\Migrate.php(85): CodeIgniter\Database\MigrationRunner->latest(NULL)
#8 C:\Users\Admin\Desktop\Medical Office\project\system\CLI\Commands.php(70): CodeIgniter\Commands\Database\Migrate->run(Array)
#9 C:\Users\Admin\Desktop\Medical Office\project\system\CLI\Console.php(48): CodeIgniter\CLI\Commands->run('migrate', Array)
#10 C:\Users\Admin\Desktop\Medical Office\project\system\Boot.php(351): CodeIgniter\CLI\Console->run()
#11 C:\Users\Admin\Desktop\Medical Office\project\system\Boot.php(104): CodeIgniter\Boot::runCommand(Object(CodeIgniter\CLI\Console))
#12 C:\Users\Admin\Desktop\Medical Office\project\spark(84): CodeIgniter\Boot::bootSpark(Object(Config\Paths))
#13 {main}

Next CodeIgniter\Database\Exceptions\DatabaseException: Access denied for user ''@'localhost' (using password: NO) in C:\Users\Admin\Desktop\Medical Office\project\system\Database\MySQLi\Connection.php:231
Stack trace:
#0 C:\Users\Admin\Desktop\Medical Office\project\system\Database\BaseConnection.php(421): CodeIgniter\Database\MySQLi\Connection->connect(false)
#1 C:\Users\Admin\Desktop\Medical Office\project\system\Database\BaseConnection.php(616): CodeIgniter\Database\BaseConnection->initialize()
#2 C:\Users\Admin\Desktop\Medical Office\project\system\Database\BaseConnection.php(1485): CodeIgniter\Database\BaseConnection->query('SHOW TABLES FRO...')
#3 C:\Users\Admin\Desktop\Medical Office\project\system\Database\BaseConnection.php(1505): CodeIgniter\Database\BaseConnection->listTables()
#4 C:\Users\Admin\Desktop\Medical Office\project\system\Database\MigrationRunner.php(759): CodeIgniter\Database\BaseConnection->tableExists('migrations')
#5 C:\Users\Admin\Desktop\Medical Office\project\system\Database\MigrationRunner.php(163): CodeIgniter\Database\MigrationRunner->ensureTable()
#6 C:\Users\Admin\Desktop\Medical Office\project\system\Commands\Database\Migrate.php(85): CodeIgniter\Database\MigrationRunner->latest(NULL)
#7 C:\Users\Admin\Desktop\Medical Office\project\system\CLI\Commands.php(70): CodeIgniter\Commands\Database\Migrate->run(Array)
#8 C:\Users\Admin\Desktop\Medical Office\project\system\CLI\Console.php(48): CodeIgniter\CLI\Commands->run('migrate', Array)
#9 C:\Users\Admin\Desktop\Medical Office\project\system\Boot.php(351): CodeIgniter\CLI\Console->run()
#10 C:\Users\Admin\Desktop\Medical Office\project\system\Boot.php(104): CodeIgniter\Boot::runCommand(Object(CodeIgniter\CLI\Console))
#11 C:\Users\Admin\Desktop\Medical Office\project\spark(84): CodeIgniter\Boot::bootSpark(Object(Config\Paths))
#12 {main}
